#
# There is insufficient memory for the Java Runtime Environment to continue.
# Native memory allocation (mmap) failed to map 1820327936 bytes for G1 virtual space
# Possible reasons:
#   The system is out of physical RAM or swap space
#   The process is running with CompressedOops enabled, and the Java Heap may be blocking the growth of the native heap
# Possible solutions:
#   Reduce memory load on the system
#   Increase physical memory or swap space
#   Check if swap backing store is full
#   Decrease Java heap size (-Xmx/-Xms)
#   Decrease number of Java threads
#   Decrease Java thread stack sizes (-Xss)
#   Set larger code cache with -XX:ReservedCodeCacheSize=
#   JVM is running with Zero Based Compressed Oops mode in which the Java heap is
#     placed in the first 32GB address space. The Java Heap base address is the
#     maximum limit for the native heap growth. Please use -XX:HeapBaseMinAddress
#     to set the Java Heap base and to place the Java Heap above 32GB virtual address.
# This output file may be truncated or incomplete.
#
#  Out of Memory Error (os_windows.cpp:3548), pid=26632, tid=13756
#
# JRE version: Java(TM) SE Runtime Environment (17.0.10+11) (build 17.0.10+11-LTS-240)
# Java VM: Java HotSpot(TM) 64-Bit Server VM (17.0.10+11-LTS-240, mixed mode, sharing, tiered, compressed oops, compressed class ptrs, g1 gc, windows-amd64)
# No core dump will be written. Minidumps are not enabled by default on client versions of Windows
#

---------------  S U M M A R Y ------------

Command Line: -Xms512m -Xmx8g 

Host: Intel(R) Core(TM) i5-8250U CPU @ 1.60GHz, 8 cores, 7G,  Windows 10 , 64 bit Build 19041 (10.0.19041.5438)
Time: Thu Mar 13 12:07:32 2025 中国标准时间 elapsed time: 109.905855 seconds (0d 0h 1m 49s)

---------------  T H R E A D  ---------------

Current thread (0x0000023ff9337620):  VMThread "VM Thread" [stack: 0x0000004784300000,0x00000047844f0000] [id=13756]

Stack: [0x0000004784300000,0x00000047844f0000]
Native frames: (J=compiled Java code, j=interpreted, Vv=VM code, C=native code)
V  [jvm.dll+0x677a5a]
V  [jvm.dll+0x7d8b2d]
V  [jvm.dll+0x7da48e]
V  [jvm.dll+0x7daaf3]
V  [jvm.dll+0x2455ff]
V  [jvm.dll+0x6749b9]
V  [jvm.dll+0x669382]
V  [jvm.dll+0x302e96]
V  [jvm.dll+0x30a416]
V  [jvm.dll+0x359cbe]
V  [jvm.dll+0x359eef]
V  [jvm.dll+0x2d9e88]
V  [jvm.dll+0x2d8295]
V  [jvm.dll+0x2d789c]
V  [jvm.dll+0x31b18b]
V  [jvm.dll+0x7df30b]
V  [jvm.dll+0x7e0044]
V  [jvm.dll+0x7e055d]
V  [jvm.dll+0x7e0934]
V  [jvm.dll+0x7e0a00]
V  [jvm.dll+0x78888a]
V  [jvm.dll+0x676935]
C  [ucrtbase.dll+0x21bb2]
C  [KERNEL32.DLL+0x17374]
C  [ntdll.dll+0x4cc91]

VM_Operation (0x00000047825ee060): G1CollectForAllocation, mode: safepoint, requested by thread 0x0000023ff81e7a40


---------------  P R O C E S S  ---------------

Threads class SMR info:
_java_thread_list=0x0000023ff8e96820, length=13, elements={
0x0000023ff81e7a40, 0x0000023ff81ed050, 0x0000023ff81ed560, 0x0000023ff8542310,
0x0000023ffb3e35b0, 0x0000023ffb3e6850, 0x0000023ffb3e0d30, 0x0000023ffb3ecc10,
0x0000023ffb3f2640, 0x0000023ffb3e1c60, 0x0000023ffb3e44e0, 0x0000023ffb3e2170,
0x0000023ffb3e7270
}

Java Threads: ( => current thread )
  0x0000023ff81e7a40 JavaThread "main" [_thread_blocked, id=25564, stack(0x0000004782400000,0x00000047825f0000)]
  0x0000023ff81ed050 JavaThread "Reference Handler" daemon [_thread_blocked, id=21408, stack(0x00000047844f0000,0x00000047846e0000)]
  0x0000023ff81ed560 JavaThread "Finalizer" daemon [_thread_blocked, id=20496, stack(0x00000047846e0000,0x00000047848d0000)]
  0x0000023ff8542310 JavaThread "Signal Dispatcher" daemon [_thread_blocked, id=26376, stack(0x00000047848d0000,0x0000004784ac0000)]
  0x0000023ffb3e35b0 JavaThread "Attach Listener" daemon [_thread_blocked, id=25520, stack(0x0000004784ac0000,0x0000004784cb0000)]
  0x0000023ffb3e6850 JavaThread "Service Thread" daemon [_thread_blocked, id=24596, stack(0x0000004784cb0000,0x0000004784ea0000)]
  0x0000023ffb3e0d30 JavaThread "Monitor Deflation Thread" daemon [_thread_blocked, id=24216, stack(0x0000004784ea0000,0x0000004785090000)]
  0x0000023ffb3ecc10 JavaThread "C2 CompilerThread0" daemon [_thread_blocked, id=27480, stack(0x0000004785090000,0x0000004785280000)]
  0x0000023ffb3f2640 JavaThread "C1 CompilerThread0" daemon [_thread_blocked, id=16616, stack(0x0000004785280000,0x0000004785470000)]
  0x0000023ffb3e1c60 JavaThread "Sweeper thread" daemon [_thread_blocked, id=15856, stack(0x0000004785470000,0x0000004785660000)]
  0x0000023ffb3e44e0 JavaThread "Notification Thread" daemon [_thread_blocked, id=8156, stack(0x0000004785660000,0x0000004785850000)]
  0x0000023ffb3e2170 JavaThread "Common-Cleaner" daemon [_thread_blocked, id=19708, stack(0x0000004785a40000,0x0000004785c30000)]
  0x0000023ffb3e7270 JavaThread "Thread-0" daemon [_thread_blocked, id=24592, stack(0x0000004785c30000,0x0000004785e20000)]

Other Threads:
=>0x0000023ff9337620 VMThread "VM Thread" [stack: 0x0000004784300000,0x00000047844f0000] [id=13756]
  0x0000023ffa86c210 WatcherThread [stack: 0x0000004785850000,0x0000004785a40000] [id=24872]
  0x0000023ff953d140 GCTaskThread "GC Thread#0" [stack: 0x0000004783950000,0x0000004783b40000] [id=25044]
  0x0000023ff953c380 GCTaskThread "GC Thread#1" [stack: 0x0000004785e20000,0x0000004786010000] [id=17724]
  0x0000023ff953fa80 GCTaskThread "GC Thread#2" [stack: 0x0000004786010000,0x0000004786200000] [id=27316]
  0x0000023ff953e480 GCTaskThread "GC Thread#3" [stack: 0x0000004786200000,0x00000047863f0000] [id=18736]
  0x0000023ff953ce80 GCTaskThread "GC Thread#4" [stack: 0x00000047863f0000,0x00000047865e0000] [id=14736]
  0x0000023ff953c640 GCTaskThread "GC Thread#5" [stack: 0x00000047865e0000,0x00000047867d0000] [id=27260]
  0x0000023ff953ef80 GCTaskThread "GC Thread#6" [stack: 0x00000047867d0000,0x00000047869c0000] [id=780]
  0x0000023ff953cbc0 GCTaskThread "GC Thread#7" [stack: 0x00000047869c0000,0x0000004786bb0000] [id=12824]
  0x0000023ff93b3730 ConcurrentGCThread "G1 Main Marker" [stack: 0x0000004783b40000,0x0000004783d30000] [id=25188]
  0x0000023ff953df00 ConcurrentGCThread "G1 Conc#0" [stack: 0x0000004783d30000,0x0000004783f20000] [id=26340]
  0x0000023ff953d6c0 ConcurrentGCThread "G1 Conc#1" [stack: 0x00000047825f0000,0x00000047827e0000] [id=19812]
  0x0000023ffa8589c0 ConcurrentGCThread "G1 Refine#0" [stack: 0x0000004783f20000,0x0000004784110000] [id=26756]
  0x0000023ffa856f50 ConcurrentGCThread "G1 Refine#1" [stack: 0x0000004786bb0000,0x0000004786da0000] [id=22580]
  0x0000023ffa858cb0 ConcurrentGCThread "G1 Refine#2" [stack: 0x0000004786da0000,0x0000004786f90000] [id=24932]
  0x0000023ffa857240 ConcurrentGCThread "G1 Refine#3" [stack: 0x0000004786f90000,0x0000004787180000] [id=24324]
  0x0000023ffa8586d0 ConcurrentGCThread "G1 Refine#4" [stack: 0x0000004787180000,0x0000004787370000] [id=20760]
  0x0000023ffa85a140 ConcurrentGCThread "G1 Refine#5" [stack: 0x0000004787370000,0x0000004787560000] [id=24856]
  0x0000023ffa857e00 ConcurrentGCThread "G1 Refine#6" [stack: 0x0000004787560000,0x0000004787750000] [id=3500]
  0x0000023ffa858fa0 ConcurrentGCThread "G1 Refine#7" [stack: 0x0000004787750000,0x0000004787940000] [id=23392]
  0x0000023ffb0e9530 ConcurrentGCThread "G1 Service" [stack: 0x0000004784110000,0x0000004784300000] [id=26832]

Threads with active compile tasks:

VM state: at safepoint (normal execution)

VM Mutex/Monitor currently owned by a thread:  ([mutex/lock_event])
[0x0000023ffb0e4b30] Threads_lock - owner thread: 0x0000023ff9337620
[0x0000023ffb0e3ae0] Heap_lock - owner thread: 0x0000023ff81e7a40

Heap address: 0x0000000600000000, size: 8192 MB, Compressed Oops mode: Zero based, Oop shift amount: 3

CDS archive(s) mapped at: [0x0000024000000000-0x0000024000bd0000-0x0000024000bd0000), size 12386304, SharedBaseAddress: 0x0000024000000000, ArchiveRelocationMode: 1.
Compressed class space mapped at: 0x0000024001000000-0x0000024041000000, reserved size: 1073741824
Narrow klass base: 0x0000024000000000, Narrow klass shift: 0, Narrow klass range: 0x100000000

GC Precious Log:
 CPUs: 8 total, 8 available
 Memory: 8089M
 Large Page Support: Disabled
 NUMA Support: Disabled
 Compressed Oops: Enabled (Zero based)
 Heap Region Size: 4M
 Heap Min Capacity: 512M
 Heap Initial Capacity: 512M
 Heap Max Capacity: 8G
 Pre-touch: Disabled
 Parallel Workers: 8
 Concurrent Workers: 2
 Concurrent Refinement Workers: 8
 Periodic GC: Disabled

Heap:
 garbage-first heap   total 1167360K, used 960808K [0x0000000600000000, 0x0000000800000000)
  region size 4096K, 2 young (8192K), 2 survivors (8192K)
 Metaspace       used 2173K, committed 2304K, reserved 1114112K
  class space    used 203K, committed 256K, reserved 1048576K

Heap Regions: E=young(eden), S=young(survivor), O=old, HS=humongous(starts), HC=humongous(continues), CS=collection set, F=free, OA=open archive, CA=closed archive, TAMS=top-at-mark-start (previous, next)
|   0|0x0000000600000000, 0x0000000600400000, 0x0000000600400000|100%|HS|  |TAMS 0x0000000600400000, 0x0000000600400000| Complete 
|   1|0x0000000600400000, 0x0000000600800000, 0x0000000600800000|100%|HC|  |TAMS 0x0000000600800000, 0x0000000600800000| Complete 
|   2|0x0000000600800000, 0x0000000600c00000, 0x0000000600c00000|100%|HS|  |TAMS 0x0000000600c00000, 0x0000000600c00000| Complete 
|   3|0x0000000600c00000, 0x0000000601000000, 0x0000000601000000|100%|HC|  |TAMS 0x0000000601000000, 0x0000000601000000| Complete 
|   4|0x0000000601000000, 0x0000000601400000, 0x0000000601400000|100%| O|  |TAMS 0x0000000601000000, 0x0000000601400000| Untracked 
|   5|0x0000000601400000, 0x0000000601800000, 0x0000000601800000|100%| O|  |TAMS 0x0000000601800000, 0x0000000601800000| Untracked 
|   6|0x0000000601800000, 0x0000000601c00000, 0x0000000601c00000|100%| O|  |TAMS 0x0000000601c00000, 0x0000000601c00000| Untracked 
|   7|0x0000000601c00000, 0x0000000602000000, 0x0000000602000000|100%| O|  |TAMS 0x0000000602000000, 0x0000000602000000| Untracked 
|   8|0x0000000602000000, 0x0000000602400000, 0x0000000602400000|100%| O|  |TAMS 0x0000000602400000, 0x0000000602400000| Untracked 
|   9|0x0000000602400000, 0x0000000602800000, 0x0000000602800000|100%| O|  |TAMS 0x0000000602800000, 0x0000000602800000| Untracked 
|  10|0x0000000602800000, 0x0000000602c00000, 0x0000000602c00000|100%|HS|  |TAMS 0x0000000602c00000, 0x0000000602c00000| Complete 
|  11|0x0000000602c00000, 0x0000000603000000, 0x0000000603000000|100%|HC|  |TAMS 0x0000000603000000, 0x0000000603000000| Complete 
|  12|0x0000000603000000, 0x0000000603400000, 0x0000000603400000|100%|HS|  |TAMS 0x0000000603400000, 0x0000000603400000| Complete 
|  13|0x0000000603400000, 0x0000000603800000, 0x0000000603800000|100%|HC|  |TAMS 0x0000000603800000, 0x0000000603800000| Complete 
|  14|0x0000000603800000, 0x0000000603c00000, 0x0000000603c00000|100%| O|  |TAMS 0x0000000603800000, 0x0000000603c00000| Untracked 
|  15|0x0000000603c00000, 0x0000000604000000, 0x0000000604000000|100%| O|  |TAMS 0x0000000603c00000, 0x0000000604000000| Untracked 
|  16|0x0000000604000000, 0x0000000604400000, 0x0000000604400000|100%| O|  |TAMS 0x0000000604400000, 0x0000000604400000| Untracked 
|  17|0x0000000604400000, 0x0000000604800000, 0x0000000604800000|100%| O|  |TAMS 0x0000000604800000, 0x0000000604800000| Untracked 
|  18|0x0000000604800000, 0x0000000604c00000, 0x0000000604c00000|100%| O|  |TAMS 0x0000000604c00000, 0x0000000604c00000| Untracked 
|  19|0x0000000604c00000, 0x0000000605000000, 0x0000000605000000|100%| O|  |TAMS 0x0000000605000000, 0x0000000605000000| Untracked 
|  20|0x0000000605000000, 0x0000000605400000, 0x0000000605400000|100%| O|  |TAMS 0x0000000605400000, 0x0000000605400000| Untracked 
|  21|0x0000000605400000, 0x0000000605800000, 0x0000000605800000|100%|HS|  |TAMS 0x0000000605800000, 0x0000000605800000| Complete 
|  22|0x0000000605800000, 0x0000000605c00000, 0x0000000605c00000|100%|HC|  |TAMS 0x0000000605c00000, 0x0000000605c00000| Complete 
|  23|0x0000000605c00000, 0x0000000606000000, 0x0000000606000000|100%|HC|  |TAMS 0x0000000606000000, 0x0000000606000000| Complete 
|  24|0x0000000606000000, 0x0000000606400000, 0x0000000606400000|100%|HC|  |TAMS 0x0000000606400000, 0x0000000606400000| Complete 
|  25|0x0000000606400000, 0x0000000606800000, 0x0000000606800000|100%|HC|  |TAMS 0x0000000606800000, 0x0000000606800000| Complete 
|  26|0x0000000606800000, 0x0000000606c00000, 0x0000000606c00000|100%|HC|  |TAMS 0x0000000606c00000, 0x0000000606c00000| Complete 
|  27|0x0000000606c00000, 0x0000000607000000, 0x0000000607000000|100%| O|  |TAMS 0x0000000606ece800, 0x0000000607000000| Untracked 
|  28|0x0000000607000000, 0x0000000607400000, 0x0000000607400000|100%|HS|  |TAMS 0x0000000607400000, 0x0000000607400000| Complete 
|  29|0x0000000607400000, 0x0000000607800000, 0x0000000607800000|100%|HC|  |TAMS 0x0000000607800000, 0x0000000607800000| Complete 
|  30|0x0000000607800000, 0x0000000607c00000, 0x0000000607c00000|100%|HC|  |TAMS 0x0000000607c00000, 0x0000000607c00000| Complete 
|  31|0x0000000607c00000, 0x0000000608000000, 0x0000000608000000|100%|HS|  |TAMS 0x0000000608000000, 0x0000000608000000| Complete 
|  32|0x0000000608000000, 0x0000000608400000, 0x0000000608400000|100%|HC|  |TAMS 0x0000000608400000, 0x0000000608400000| Complete 
|  33|0x0000000608400000, 0x0000000608800000, 0x0000000608800000|100%|HC|  |TAMS 0x0000000608800000, 0x0000000608800000| Complete 
|  34|0x0000000608800000, 0x0000000608c00000, 0x0000000608c00000|100%|HS|  |TAMS 0x0000000608c00000, 0x0000000608c00000| Complete 
|  35|0x0000000608c00000, 0x0000000609000000, 0x0000000609000000|100%|HC|  |TAMS 0x0000000609000000, 0x0000000609000000| Complete 
|  36|0x0000000609000000, 0x0000000609400000, 0x0000000609400000|100%|HC|  |TAMS 0x0000000609400000, 0x0000000609400000| Complete 
|  37|0x0000000609400000, 0x0000000609800000, 0x0000000609800000|100%|HC|  |TAMS 0x0000000609800000, 0x0000000609800000| Complete 
|  38|0x0000000609800000, 0x0000000609c00000, 0x0000000609c00000|100%|HC|  |TAMS 0x0000000609c00000, 0x0000000609c00000| Complete 
|  39|0x0000000609c00000, 0x000000060a000000, 0x000000060a000000|100%|HC|  |TAMS 0x000000060a000000, 0x000000060a000000| Complete 
|  40|0x000000060a000000, 0x000000060a400000, 0x000000060a400000|100%|HC|  |TAMS 0x000000060a400000, 0x000000060a400000| Complete 
|  41|0x000000060a400000, 0x000000060a800000, 0x000000060a800000|100%|HC|  |TAMS 0x000000060a800000, 0x000000060a800000| Complete 
|  42|0x000000060a800000, 0x000000060ac00000, 0x000000060ac00000|100%|HC|  |TAMS 0x000000060ac00000, 0x000000060ac00000| Complete 
|  43|0x000000060ac00000, 0x000000060b000000, 0x000000060b000000|100%|HC|  |TAMS 0x000000060b000000, 0x000000060b000000| Complete 
|  44|0x000000060b000000, 0x000000060b400000, 0x000000060b400000|100%|HC|  |TAMS 0x000000060b400000, 0x000000060b400000| Complete 
|  45|0x000000060b400000, 0x000000060b800000, 0x000000060b800000|100%|HC|  |TAMS 0x000000060b800000, 0x000000060b800000| Complete 
|  46|0x000000060b800000, 0x000000060bc00000, 0x000000060bc00000|100%|HC|  |TAMS 0x000000060bc00000, 0x000000060bc00000| Complete 
|  47|0x000000060bc00000, 0x000000060c000000, 0x000000060c000000|100%|HC|  |TAMS 0x000000060c000000, 0x000000060c000000| Complete 
|  48|0x000000060c000000, 0x000000060c400000, 0x000000060c400000|100%|HC|  |TAMS 0x000000060c400000, 0x000000060c400000| Complete 
|  49|0x000000060c400000, 0x000000060c800000, 0x000000060c800000|100%|HC|  |TAMS 0x000000060c800000, 0x000000060c800000| Complete 
|  50|0x000000060c800000, 0x000000060cc00000, 0x000000060cc00000|100%|HC|  |TAMS 0x000000060cc00000, 0x000000060cc00000| Complete 
|  51|0x000000060cc00000, 0x000000060d000000, 0x000000060d000000|100%|HC|  |TAMS 0x000000060d000000, 0x000000060d000000| Complete 
|  52|0x000000060d000000, 0x000000060d400000, 0x000000060d400000|100%| O|  |TAMS 0x000000060d400000, 0x000000060d400000| Untracked 
|  53|0x000000060d400000, 0x000000060d800000, 0x000000060d800000|100%| O|  |TAMS 0x000000060d800000, 0x000000060d800000| Untracked 
|  54|0x000000060d800000, 0x000000060dc00000, 0x000000060dc00000|100%| O|  |TAMS 0x000000060dc00000, 0x000000060dc00000| Untracked 
|  55|0x000000060dc00000, 0x000000060e000000, 0x000000060e000000|100%| O|  |TAMS 0x000000060e000000, 0x000000060e000000| Untracked 
|  56|0x000000060e000000, 0x000000060e400000, 0x000000060e400000|100%|HS|  |TAMS 0x000000060e400000, 0x000000060e400000| Complete 
|  57|0x000000060e400000, 0x000000060e800000, 0x000000060e800000|100%|HC|  |TAMS 0x000000060e800000, 0x000000060e800000| Complete 
|  58|0x000000060e800000, 0x000000060ec00000, 0x000000060ec00000|100%|HC|  |TAMS 0x000000060ec00000, 0x000000060ec00000| Complete 
|  59|0x000000060ec00000, 0x000000060f000000, 0x000000060f000000|100%|HC|  |TAMS 0x000000060f000000, 0x000000060f000000| Complete 
|  60|0x000000060f000000, 0x000000060f400000, 0x000000060f400000|100%|HC|  |TAMS 0x000000060f400000, 0x000000060f400000| Complete 
|  61|0x000000060f400000, 0x000000060f800000, 0x000000060f800000|100%|HC|  |TAMS 0x000000060f800000, 0x000000060f800000| Complete 
|  62|0x000000060f800000, 0x000000060fc00000, 0x000000060fc00000|100%|HC|  |TAMS 0x000000060fc00000, 0x000000060fc00000| Complete 
|  63|0x000000060fc00000, 0x0000000610000000, 0x0000000610000000|100%|HC|  |TAMS 0x0000000610000000, 0x0000000610000000| Complete 
|  64|0x0000000610000000, 0x0000000610400000, 0x0000000610400000|100%|HC|  |TAMS 0x0000000610400000, 0x0000000610400000| Complete 
|  65|0x0000000610400000, 0x0000000610800000, 0x0000000610800000|100%|HC|  |TAMS 0x0000000610800000, 0x0000000610800000| Complete 
|  66|0x0000000610800000, 0x0000000610c00000, 0x0000000610c00000|100%|HC|  |TAMS 0x0000000610c00000, 0x0000000610c00000| Complete 
|  67|0x0000000610c00000, 0x0000000611000000, 0x0000000611000000|100%|HC|  |TAMS 0x0000000611000000, 0x0000000611000000| Complete 
|  68|0x0000000611000000, 0x0000000611400000, 0x0000000611400000|100%|HC|  |TAMS 0x0000000611400000, 0x0000000611400000| Complete 
|  69|0x0000000611400000, 0x0000000611800000, 0x0000000611800000|100%|HC|  |TAMS 0x0000000611800000, 0x0000000611800000| Complete 
|  70|0x0000000611800000, 0x0000000611c00000, 0x0000000611c00000|100%|HC|  |TAMS 0x0000000611c00000, 0x0000000611c00000| Complete 
|  71|0x0000000611c00000, 0x0000000612000000, 0x0000000612000000|100%|HC|  |TAMS 0x0000000612000000, 0x0000000612000000| Complete 
|  72|0x0000000612000000, 0x0000000612400000, 0x0000000612400000|100%|HC|  |TAMS 0x0000000612400000, 0x0000000612400000| Complete 
|  73|0x0000000612400000, 0x0000000612800000, 0x0000000612800000|100%|HC|  |TAMS 0x0000000612800000, 0x0000000612800000| Complete 
|  74|0x0000000612800000, 0x0000000612c00000, 0x0000000612c00000|100%|HS|  |TAMS 0x0000000612c00000, 0x0000000612c00000| Complete 
|  75|0x0000000612c00000, 0x0000000613000000, 0x0000000613000000|100%|HC|  |TAMS 0x0000000613000000, 0x0000000613000000| Complete 
|  76|0x0000000613000000, 0x0000000613400000, 0x0000000613400000|100%|HC|  |TAMS 0x0000000613400000, 0x0000000613400000| Complete 
|  77|0x0000000613400000, 0x0000000613800000, 0x0000000613800000|100%|HC|  |TAMS 0x0000000613800000, 0x0000000613800000| Complete 
|  78|0x0000000613800000, 0x0000000613c00000, 0x0000000613c00000|100%|HC|  |TAMS 0x0000000613c00000, 0x0000000613c00000| Complete 
|  79|0x0000000613c00000, 0x0000000614000000, 0x0000000614000000|100%|HC|  |TAMS 0x0000000614000000, 0x0000000614000000| Complete 
|  80|0x0000000614000000, 0x0000000614400000, 0x0000000614400000|100%|HC|  |TAMS 0x0000000614400000, 0x0000000614400000| Complete 
|  81|0x0000000614400000, 0x0000000614800000, 0x0000000614800000|100%|HC|  |TAMS 0x0000000614800000, 0x0000000614800000| Complete 
|  82|0x0000000614800000, 0x0000000614c00000, 0x0000000614c00000|100%|HC|  |TAMS 0x0000000614c00000, 0x0000000614c00000| Complete 
|  83|0x0000000614c00000, 0x0000000615000000, 0x0000000615000000|100%|HC|  |TAMS 0x0000000615000000, 0x0000000615000000| Complete 
|  84|0x0000000615000000, 0x0000000615400000, 0x0000000615400000|100%|HC|  |TAMS 0x0000000615400000, 0x0000000615400000| Complete 
|  85|0x0000000615400000, 0x0000000615800000, 0x0000000615800000|100%|HC|  |TAMS 0x0000000615800000, 0x0000000615800000| Complete 
|  86|0x0000000615800000, 0x0000000615c00000, 0x0000000615c00000|100%|HC|  |TAMS 0x0000000615c00000, 0x0000000615c00000| Complete 
|  87|0x0000000615c00000, 0x0000000616000000, 0x0000000616000000|100%|HC|  |TAMS 0x0000000616000000, 0x0000000616000000| Complete 
|  88|0x0000000616000000, 0x0000000616400000, 0x0000000616400000|100%|HC|  |TAMS 0x0000000616400000, 0x0000000616400000| Complete 
|  89|0x0000000616400000, 0x0000000616800000, 0x0000000616800000|100%|HC|  |TAMS 0x0000000616800000, 0x0000000616800000| Complete 
|  90|0x0000000616800000, 0x0000000616c00000, 0x0000000616c00000|100%|HC|  |TAMS 0x0000000616c00000, 0x0000000616c00000| Complete 
|  91|0x0000000616c00000, 0x0000000617000000, 0x0000000617000000|100%|HC|  |TAMS 0x0000000617000000, 0x0000000617000000| Complete 
|  92|0x0000000617000000, 0x0000000617400000, 0x0000000617400000|100%|HC|  |TAMS 0x0000000617400000, 0x0000000617400000| Complete 
|  93|0x0000000617400000, 0x0000000617800000, 0x0000000617800000|100%|HC|  |TAMS 0x0000000617800000, 0x0000000617800000| Complete 
|  94|0x0000000617800000, 0x0000000617c00000, 0x0000000617c00000|100%|HC|  |TAMS 0x0000000617c00000, 0x0000000617c00000| Complete 
|  95|0x0000000617c00000, 0x0000000618000000, 0x0000000618000000|100%|HC|  |TAMS 0x0000000618000000, 0x0000000618000000| Complete 
|  96|0x0000000618000000, 0x0000000618400000, 0x0000000618400000|100%|HC|  |TAMS 0x0000000618400000, 0x0000000618400000| Complete 
|  97|0x0000000618400000, 0x0000000618800000, 0x0000000618800000|100%|HC|  |TAMS 0x0000000618800000, 0x0000000618800000| Complete 
|  98|0x0000000618800000, 0x0000000618c00000, 0x0000000618c00000|100%|HC|  |TAMS 0x0000000618c00000, 0x0000000618c00000| Complete 
|  99|0x0000000618c00000, 0x0000000619000000, 0x0000000619000000|100%|HC|  |TAMS 0x0000000619000000, 0x0000000619000000| Complete 
| 100|0x0000000619000000, 0x0000000619400000, 0x0000000619400000|100%|HC|  |TAMS 0x0000000619400000, 0x0000000619400000| Complete 
| 101|0x0000000619400000, 0x0000000619800000, 0x0000000619800000|100%|HC|  |TAMS 0x0000000619800000, 0x0000000619800000| Complete 
| 102|0x0000000619800000, 0x0000000619c00000, 0x0000000619c00000|100%|HC|  |TAMS 0x0000000619c00000, 0x0000000619c00000| Complete 
| 103|0x0000000619c00000, 0x000000061a000000, 0x000000061a000000|100%|HC|  |TAMS 0x000000061a000000, 0x000000061a000000| Complete 
| 104|0x000000061a000000, 0x000000061a400000, 0x000000061a400000|100%|HC|  |TAMS 0x000000061a400000, 0x000000061a400000| Complete 
| 105|0x000000061a400000, 0x000000061a800000, 0x000000061a800000|100%|HS|  |TAMS 0x000000061a400000, 0x000000061a800000| Complete 
| 106|0x000000061a800000, 0x000000061ac00000, 0x000000061ac00000|100%|HC|  |TAMS 0x000000061a800000, 0x000000061ac00000| Complete 
| 107|0x000000061ac00000, 0x000000061b000000, 0x000000061b000000|100%|HC|  |TAMS 0x000000061ac00000, 0x000000061b000000| Complete 
| 108|0x000000061b000000, 0x000000061b400000, 0x000000061b400000|100%|HC|  |TAMS 0x000000061b000000, 0x000000061b400000| Complete 
| 109|0x000000061b400000, 0x000000061b800000, 0x000000061b800000|100%|HC|  |TAMS 0x000000061b400000, 0x000000061b800000| Complete 
| 110|0x000000061b800000, 0x000000061bc00000, 0x000000061bc00000|100%|HC|  |TAMS 0x000000061b800000, 0x000000061bc00000| Complete 
| 111|0x000000061bc00000, 0x000000061c000000, 0x000000061c000000|100%|HC|  |TAMS 0x000000061bc00000, 0x000000061c000000| Complete 
| 112|0x000000061c000000, 0x000000061c400000, 0x000000061c400000|100%|HC|  |TAMS 0x000000061c000000, 0x000000061c400000| Complete 
| 113|0x000000061c400000, 0x000000061c800000, 0x000000061c800000|100%| O|  |TAMS 0x000000061c400000, 0x000000061c800000| Untracked 
| 114|0x000000061c800000, 0x000000061cc00000, 0x000000061cc00000|100%| O|  |TAMS 0x000000061c800000, 0x000000061cc00000| Untracked 
| 115|0x000000061cc00000, 0x000000061d000000, 0x000000061d000000|100%|HS|  |TAMS 0x000000061d000000, 0x000000061d000000| Complete 
| 116|0x000000061d000000, 0x000000061d400000, 0x000000061d400000|100%|HC|  |TAMS 0x000000061d400000, 0x000000061d400000| Complete 
| 117|0x000000061d400000, 0x000000061d800000, 0x000000061d800000|100%|HC|  |TAMS 0x000000061d800000, 0x000000061d800000| Complete 
| 118|0x000000061d800000, 0x000000061dc00000, 0x000000061dc00000|100%|HC|  |TAMS 0x000000061dc00000, 0x000000061dc00000| Complete 
| 119|0x000000061dc00000, 0x000000061e000000, 0x000000061e000000|100%|HC|  |TAMS 0x000000061e000000, 0x000000061e000000| Complete 
| 120|0x000000061e000000, 0x000000061e400000, 0x000000061e400000|100%|HC|  |TAMS 0x000000061e400000, 0x000000061e400000| Complete 
| 121|0x000000061e400000, 0x000000061e800000, 0x000000061e800000|100%|HC|  |TAMS 0x000000061e800000, 0x000000061e800000| Complete 
| 122|0x000000061e800000, 0x000000061ec00000, 0x000000061ec00000|100%|HC|  |TAMS 0x000000061ec00000, 0x000000061ec00000| Complete 
| 123|0x000000061ec00000, 0x000000061f000000, 0x000000061f000000|100%|HC|  |TAMS 0x000000061f000000, 0x000000061f000000| Complete 
| 124|0x000000061f000000, 0x000000061f400000, 0x000000061f400000|100%|HC|  |TAMS 0x000000061f400000, 0x000000061f400000| Complete 
| 125|0x000000061f400000, 0x000000061f800000, 0x000000061f800000|100%|HC|  |TAMS 0x000000061f800000, 0x000000061f800000| Complete 
| 126|0x000000061f800000, 0x000000061fc00000, 0x000000061fc00000|100%|HC|  |TAMS 0x000000061fc00000, 0x000000061fc00000| Complete 
| 127|0x000000061fc00000, 0x0000000620000000, 0x0000000620000000|100%|HC|  |TAMS 0x0000000620000000, 0x0000000620000000| Complete 
| 128|0x0000000620000000, 0x0000000620400000, 0x0000000620400000|100%|HC|  |TAMS 0x0000000620400000, 0x0000000620400000| Complete 
| 129|0x0000000620400000, 0x0000000620800000, 0x0000000620800000|100%|HC|  |TAMS 0x0000000620800000, 0x0000000620800000| Complete 
| 130|0x0000000620800000, 0x0000000620c00000, 0x0000000620c00000|100%|HC|  |TAMS 0x0000000620c00000, 0x0000000620c00000| Complete 
| 131|0x0000000620c00000, 0x0000000621000000, 0x0000000621000000|100%|HC|  |TAMS 0x0000000621000000, 0x0000000621000000| Complete 
| 132|0x0000000621000000, 0x0000000621400000, 0x0000000621400000|100%|HC|  |TAMS 0x0000000621400000, 0x0000000621400000| Complete 
| 133|0x0000000621400000, 0x0000000621800000, 0x0000000621800000|100%|HC|  |TAMS 0x0000000621800000, 0x0000000621800000| Complete 
| 134|0x0000000621800000, 0x0000000621c00000, 0x0000000621c00000|100%|HC|  |TAMS 0x0000000621c00000, 0x0000000621c00000| Complete 
| 135|0x0000000621c00000, 0x0000000622000000, 0x0000000622000000|100%|HC|  |TAMS 0x0000000622000000, 0x0000000622000000| Complete 
| 136|0x0000000622000000, 0x0000000622400000, 0x0000000622400000|100%|HC|  |TAMS 0x0000000622400000, 0x0000000622400000| Complete 
| 137|0x0000000622400000, 0x0000000622800000, 0x0000000622800000|100%|HC|  |TAMS 0x0000000622800000, 0x0000000622800000| Complete 
| 138|0x0000000622800000, 0x0000000622c00000, 0x0000000622c00000|100%|HC|  |TAMS 0x0000000622c00000, 0x0000000622c00000| Complete 
| 139|0x0000000622c00000, 0x0000000623000000, 0x0000000623000000|100%|HC|  |TAMS 0x0000000623000000, 0x0000000623000000| Complete 
| 140|0x0000000623000000, 0x0000000623400000, 0x0000000623400000|100%|HC|  |TAMS 0x0000000623400000, 0x0000000623400000| Complete 
| 141|0x0000000623400000, 0x0000000623800000, 0x0000000623800000|100%|HC|  |TAMS 0x0000000623800000, 0x0000000623800000| Complete 
| 142|0x0000000623800000, 0x0000000623c00000, 0x0000000623c00000|100%|HC|  |TAMS 0x0000000623c00000, 0x0000000623c00000| Complete 
| 143|0x0000000623c00000, 0x0000000624000000, 0x0000000624000000|100%|HC|  |TAMS 0x0000000624000000, 0x0000000624000000| Complete 
| 144|0x0000000624000000, 0x0000000624400000, 0x0000000624400000|100%|HC|  |TAMS 0x0000000624400000, 0x0000000624400000| Complete 
| 145|0x0000000624400000, 0x0000000624800000, 0x0000000624800000|100%|HC|  |TAMS 0x0000000624800000, 0x0000000624800000| Complete 
| 146|0x0000000624800000, 0x0000000624c00000, 0x0000000624c00000|100%|HC|  |TAMS 0x0000000624c00000, 0x0000000624c00000| Complete 
| 147|0x0000000624c00000, 0x0000000625000000, 0x0000000625000000|100%|HC|  |TAMS 0x0000000625000000, 0x0000000625000000| Complete 
| 148|0x0000000625000000, 0x0000000625400000, 0x0000000625400000|100%|HC|  |TAMS 0x0000000625400000, 0x0000000625400000| Complete 
| 149|0x0000000625400000, 0x0000000625800000, 0x0000000625800000|100%|HC|  |TAMS 0x0000000625800000, 0x0000000625800000| Complete 
| 150|0x0000000625800000, 0x0000000625c00000, 0x0000000625c00000|100%|HC|  |TAMS 0x0000000625c00000, 0x0000000625c00000| Complete 
| 151|0x0000000625c00000, 0x0000000626000000, 0x0000000626000000|100%| O|  |TAMS 0x0000000625c00000, 0x0000000626000000| Untracked 
| 152|0x0000000626000000, 0x0000000626400000, 0x0000000626400000|100%| O|  |TAMS 0x0000000626000000, 0x0000000626400000| Untracked 
| 153|0x0000000626400000, 0x0000000626800000, 0x0000000626800000|100%| O|  |TAMS 0x0000000626400000, 0x0000000626800000| Untracked 
| 154|0x0000000626800000, 0x0000000626c00000, 0x0000000626c00000|100%| O|  |TAMS 0x0000000626800000, 0x0000000626c00000| Untracked 
| 155|0x0000000626c00000, 0x0000000627000000, 0x0000000627000000|100%| O|  |TAMS 0x0000000626c00000, 0x0000000627000000| Untracked 
| 156|0x0000000627000000, 0x0000000627400000, 0x0000000627400000|100%| O|  |TAMS 0x0000000627000000, 0x0000000627400000| Untracked 
| 157|0x0000000627400000, 0x0000000627800000, 0x0000000627800000|100%| O|  |TAMS 0x0000000627400000, 0x0000000627400000| Untracked 
| 158|0x0000000627800000, 0x0000000627c00000, 0x0000000627c00000|100%| O|  |TAMS 0x0000000627800000, 0x0000000627800000| Untracked 
| 159|0x0000000627c00000, 0x0000000628000000, 0x0000000628000000|100%| O|  |TAMS 0x0000000627c00000, 0x0000000627c00000| Untracked 
| 160|0x0000000628000000, 0x0000000628400000, 0x0000000628400000|100%| O|  |TAMS 0x0000000628000000, 0x0000000628000000| Untracked 
| 161|0x0000000628400000, 0x0000000628800000, 0x0000000628800000|100%| O|  |TAMS 0x0000000628400000, 0x0000000628400000| Untracked 
| 162|0x0000000628800000, 0x0000000628c00000, 0x0000000628c00000|100%| O|  |TAMS 0x0000000628800000, 0x0000000628800000| Untracked 
| 163|0x0000000628c00000, 0x0000000629000000, 0x0000000629000000|100%| O|  |TAMS 0x0000000628c00000, 0x0000000628c00000| Untracked 
| 164|0x0000000629000000, 0x0000000629400000, 0x0000000629400000|100%| O|  |TAMS 0x0000000629000000, 0x0000000629000000| Untracked 
| 165|0x0000000629400000, 0x0000000629800000, 0x0000000629800000|100%| O|  |TAMS 0x0000000629400000, 0x0000000629400000| Untracked 
| 166|0x0000000629800000, 0x0000000629c00000, 0x0000000629c00000|100%| O|  |TAMS 0x0000000629800000, 0x0000000629800000| Untracked 
| 167|0x0000000629c00000, 0x000000062a000000, 0x000000062a000000|100%| O|  |TAMS 0x0000000629c00000, 0x0000000629c00000| Untracked 
| 168|0x000000062a000000, 0x000000062a400000, 0x000000062a400000|100%| O|  |TAMS 0x000000062a000000, 0x000000062a000000| Untracked 
| 169|0x000000062a400000, 0x000000062a800000, 0x000000062a800000|100%| O|  |TAMS 0x000000062a400000, 0x000000062a400000| Untracked 
| 170|0x000000062a800000, 0x000000062ac00000, 0x000000062ac00000|100%| O|  |TAMS 0x000000062a800000, 0x000000062a800000| Untracked 
| 171|0x000000062ac00000, 0x000000062b000000, 0x000000062b000000|100%| O|  |TAMS 0x000000062ac00000, 0x000000062ac00000| Untracked 
| 172|0x000000062b000000, 0x000000062b400000, 0x000000062b400000|100%| O|  |TAMS 0x000000062b000000, 0x000000062b000000| Untracked 
| 173|0x000000062b400000, 0x000000062b800000, 0x000000062b800000|100%| O|  |TAMS 0x000000062b400000, 0x000000062b400000| Untracked 
| 174|0x000000062b800000, 0x000000062bc00000, 0x000000062bc00000|100%| O|  |TAMS 0x000000062b800000, 0x000000062b800000| Untracked 
| 175|0x000000062bc00000, 0x000000062c000000, 0x000000062c000000|100%| O|  |TAMS 0x000000062bc00000, 0x000000062bc00000| Untracked 
| 176|0x000000062c000000, 0x000000062c400000, 0x000000062c400000|100%| O|  |TAMS 0x000000062c000000, 0x000000062c000000| Untracked 
| 177|0x000000062c400000, 0x000000062c800000, 0x000000062c800000|100%| O|  |TAMS 0x000000062c400000, 0x000000062c400000| Untracked 
| 178|0x000000062c800000, 0x000000062cc00000, 0x000000062cc00000|100%| O|  |TAMS 0x000000062c800000, 0x000000062c800000| Untracked 
| 179|0x000000062cc00000, 0x000000062d000000, 0x000000062d000000|100%| O|  |TAMS 0x000000062cc00000, 0x000000062cc00000| Untracked 
| 180|0x000000062d000000, 0x000000062d400000, 0x000000062d400000|100%| O|  |TAMS 0x000000062d000000, 0x000000062d000000| Untracked 
| 181|0x000000062d400000, 0x000000062d800000, 0x000000062d800000|100%| O|  |TAMS 0x000000062d400000, 0x000000062d400000| Untracked 
| 182|0x000000062d800000, 0x000000062dc00000, 0x000000062dc00000|100%| O|  |TAMS 0x000000062d800000, 0x000000062d800000| Untracked 
| 183|0x000000062dc00000, 0x000000062e000000, 0x000000062e000000|100%| O|  |TAMS 0x000000062dc00000, 0x000000062dc00000| Untracked 
| 184|0x000000062e000000, 0x000000062e400000, 0x000000062e400000|100%| O|  |TAMS 0x000000062e000000, 0x000000062e000000| Untracked 
| 185|0x000000062e400000, 0x000000062e800000, 0x000000062e800000|100%| O|  |TAMS 0x000000062e400000, 0x000000062e400000| Untracked 
| 186|0x000000062e800000, 0x000000062ec00000, 0x000000062ec00000|100%| O|  |TAMS 0x000000062e800000, 0x000000062e800000| Untracked 
| 187|0x000000062ec00000, 0x000000062f000000, 0x000000062f000000|100%| O|  |TAMS 0x000000062ec00000, 0x000000062ec00000| Untracked 
| 188|0x000000062f000000, 0x000000062f400000, 0x000000062f400000|100%| O|  |TAMS 0x000000062f000000, 0x000000062f000000| Untracked 
| 189|0x000000062f400000, 0x000000062f800000, 0x000000062f800000|100%| O|  |TAMS 0x000000062f400000, 0x000000062f400000| Untracked 
| 190|0x000000062f800000, 0x000000062fc00000, 0x000000062fc00000|100%| O|  |TAMS 0x000000062f800000, 0x000000062f800000| Untracked 
| 191|0x000000062fc00000, 0x0000000630000000, 0x0000000630000000|100%| O|  |TAMS 0x000000062fc00000, 0x000000062fc00000| Untracked 
| 192|0x0000000630000000, 0x0000000630400000, 0x0000000630400000|100%| O|  |TAMS 0x0000000630000000, 0x0000000630000000| Untracked 
| 193|0x0000000630400000, 0x0000000630800000, 0x0000000630800000|100%| O|  |TAMS 0x0000000630400000, 0x0000000630400000| Untracked 
| 194|0x0000000630800000, 0x0000000630a4a000, 0x0000000630c00000| 57%| O|  |TAMS 0x0000000630800000, 0x0000000630800000| Untracked 
| 195|0x0000000630c00000, 0x0000000630c00000, 0x0000000631000000|  0%| F|  |TAMS 0x0000000630c00000, 0x0000000630c00000| Untracked 
| 196|0x0000000631000000, 0x0000000631000000, 0x0000000631400000|  0%| F|  |TAMS 0x0000000631000000, 0x0000000631000000| Untracked 
| 197|0x0000000631400000, 0x0000000631400000, 0x0000000631800000|  0%| F|  |TAMS 0x0000000631400000, 0x0000000631400000| Untracked 
| 198|0x0000000631800000, 0x0000000631800000, 0x0000000631c00000|  0%| F|  |TAMS 0x0000000631800000, 0x0000000631800000| Untracked 
| 199|0x0000000631c00000, 0x0000000631c00000, 0x0000000632000000|  0%| F|  |TAMS 0x0000000631c00000, 0x0000000631c00000| Untracked 
| 200|0x0000000632000000, 0x0000000632000000, 0x0000000632400000|  0%| F|  |TAMS 0x0000000632000000, 0x0000000632000000| Untracked 
| 201|0x0000000632400000, 0x0000000632400000, 0x0000000632800000|  0%| F|  |TAMS 0x0000000632400000, 0x0000000632400000| Untracked 
| 202|0x0000000632800000, 0x0000000632800000, 0x0000000632c00000|  0%| F|  |TAMS 0x0000000632800000, 0x0000000632800000| Untracked 
| 203|0x0000000632c00000, 0x0000000632c00000, 0x0000000633000000|  0%| F|  |TAMS 0x0000000632c00000, 0x0000000632c00000| Untracked 
| 204|0x0000000633000000, 0x0000000633000000, 0x0000000633400000|  0%| F|  |TAMS 0x0000000633000000, 0x0000000633000000| Untracked 
| 205|0x0000000633400000, 0x0000000633400000, 0x0000000633800000|  0%| F|  |TAMS 0x0000000633400000, 0x0000000633400000| Untracked 
| 206|0x0000000633800000, 0x0000000633800000, 0x0000000633c00000|  0%| F|  |TAMS 0x0000000633800000, 0x0000000633800000| Untracked 
| 207|0x0000000633c00000, 0x0000000633c00000, 0x0000000634000000|  0%| F|  |TAMS 0x0000000633c00000, 0x0000000633c00000| Untracked 
| 208|0x0000000634000000, 0x0000000634000000, 0x0000000634400000|  0%| F|  |TAMS 0x0000000634000000, 0x0000000634000000| Untracked 
| 209|0x0000000634400000, 0x0000000634400000, 0x0000000634800000|  0%| F|  |TAMS 0x0000000634400000, 0x0000000634400000| Untracked 
| 210|0x0000000634800000, 0x0000000634800000, 0x0000000634c00000|  0%| F|  |TAMS 0x0000000634800000, 0x0000000634800000| Untracked 
| 211|0x0000000634c00000, 0x0000000634c00000, 0x0000000635000000|  0%| F|  |TAMS 0x0000000634c00000, 0x0000000634c00000| Untracked 
| 212|0x0000000635000000, 0x0000000635000000, 0x0000000635400000|  0%| F|  |TAMS 0x0000000635000000, 0x0000000635000000| Untracked 
| 213|0x0000000635400000, 0x0000000635400000, 0x0000000635800000|  0%| F|  |TAMS 0x0000000635400000, 0x0000000635400000| Untracked 
| 214|0x0000000635800000, 0x0000000635800000, 0x0000000635c00000|  0%| F|  |TAMS 0x0000000635800000, 0x0000000635800000| Untracked 
| 215|0x0000000635c00000, 0x0000000635c00000, 0x0000000636000000|  0%| F|  |TAMS 0x0000000635c00000, 0x0000000635c00000| Untracked 
| 216|0x0000000636000000, 0x0000000636000000, 0x0000000636400000|  0%| F|  |TAMS 0x0000000636000000, 0x0000000636000000| Untracked 
| 217|0x0000000636400000, 0x0000000636400000, 0x0000000636800000|  0%| F|  |TAMS 0x0000000636400000, 0x0000000636400000| Untracked 
| 218|0x0000000636800000, 0x0000000636800000, 0x0000000636c00000|  0%| F|  |TAMS 0x0000000636800000, 0x0000000636800000| Untracked 
| 219|0x0000000636c00000, 0x0000000636c00000, 0x0000000637000000|  0%| F|  |TAMS 0x0000000636c00000, 0x0000000636c00000| Untracked 
| 220|0x0000000637000000, 0x0000000637000000, 0x0000000637400000|  0%| F|  |TAMS 0x0000000637000000, 0x0000000637000000| Untracked 
| 221|0x0000000637400000, 0x0000000637400000, 0x0000000637800000|  0%| F|  |TAMS 0x0000000637400000, 0x0000000637400000| Untracked 
| 222|0x0000000637800000, 0x0000000637800000, 0x0000000637c00000|  0%| F|  |TAMS 0x0000000637800000, 0x0000000637800000| Untracked 
| 223|0x0000000637c00000, 0x0000000637c00000, 0x0000000638000000|  0%| F|  |TAMS 0x0000000637c00000, 0x0000000637c00000| Untracked 
| 224|0x0000000638000000, 0x0000000638000000, 0x0000000638400000|  0%| F|  |TAMS 0x0000000638000000, 0x0000000638000000| Untracked 
| 225|0x0000000638400000, 0x0000000638400000, 0x0000000638800000|  0%| F|  |TAMS 0x0000000638400000, 0x0000000638400000| Untracked 
| 226|0x0000000638800000, 0x0000000638800000, 0x0000000638c00000|  0%| F|  |TAMS 0x0000000638800000, 0x0000000638800000| Untracked 
| 227|0x0000000638c00000, 0x0000000638c00000, 0x0000000639000000|  0%| F|  |TAMS 0x0000000638c00000, 0x0000000638c00000| Untracked 
| 228|0x0000000639000000, 0x0000000639000000, 0x0000000639400000|  0%| F|  |TAMS 0x0000000639000000, 0x0000000639000000| Untracked 
| 229|0x0000000639400000, 0x0000000639400000, 0x0000000639800000|  0%| F|  |TAMS 0x0000000639400000, 0x0000000639400000| Untracked 
| 230|0x0000000639800000, 0x0000000639800000, 0x0000000639c00000|  0%| F|  |TAMS 0x0000000639800000, 0x0000000639800000| Untracked 
| 231|0x0000000639c00000, 0x0000000639c00000, 0x000000063a000000|  0%| F|  |TAMS 0x0000000639c00000, 0x0000000639c00000| Untracked 
| 232|0x000000063a000000, 0x000000063a000000, 0x000000063a400000|  0%| F|  |TAMS 0x000000063a000000, 0x000000063a000000| Untracked 
| 233|0x000000063a400000, 0x000000063a800000, 0x000000063a800000|100%| S|CS|TAMS 0x000000063a400000, 0x000000063a400000| Complete 
| 234|0x000000063a800000, 0x000000063ac00000, 0x000000063ac00000|100%| S|CS|TAMS 0x000000063a800000, 0x000000063a800000| Complete 
| 235|0x000000063ac00000, 0x000000063ac00000, 0x000000063b000000|  0%| F|  |TAMS 0x000000063ac00000, 0x000000063ac00000| Untracked 
| 236|0x000000063b000000, 0x000000063b000000, 0x000000063b400000|  0%| F|  |TAMS 0x000000063b000000, 0x000000063b000000| Untracked 
| 237|0x000000063b400000, 0x000000063b400000, 0x000000063b800000|  0%| F|  |TAMS 0x000000063b400000, 0x000000063b400000| Untracked 
| 238|0x000000063b800000, 0x000000063b800000, 0x000000063bc00000|  0%| F|  |TAMS 0x000000063b800000, 0x000000063b800000| Untracked 
| 239|0x000000063bc00000, 0x000000063bc00000, 0x000000063c000000|  0%| F|  |TAMS 0x000000063bc00000, 0x000000063bc00000| Untracked 
| 240|0x000000063c000000, 0x000000063c000000, 0x000000063c400000|  0%| F|  |TAMS 0x000000063c000000, 0x000000063c000000| Untracked 
| 241|0x000000063c400000, 0x000000063c400000, 0x000000063c800000|  0%| F|  |TAMS 0x000000063c400000, 0x000000063c400000| Untracked 
| 242|0x000000063c800000, 0x000000063c800000, 0x000000063cc00000|  0%| F|  |TAMS 0x000000063c800000, 0x000000063c800000| Untracked 
| 243|0x000000063cc00000, 0x000000063cc00000, 0x000000063d000000|  0%| F|  |TAMS 0x000000063cc00000, 0x000000063cc00000| Untracked 
| 244|0x000000063d000000, 0x000000063d000000, 0x000000063d400000|  0%| F|  |TAMS 0x000000063d000000, 0x000000063d000000| Untracked 
| 245|0x000000063d400000, 0x000000063d400000, 0x000000063d800000|  0%| F|  |TAMS 0x000000063d400000, 0x000000063d400000| Untracked 
| 246|0x000000063d800000, 0x000000063d800000, 0x000000063dc00000|  0%| F|  |TAMS 0x000000063d800000, 0x000000063d800000| Untracked 
|2010|0x00000007f6800000, 0x00000007f6c00000, 0x00000007f6c00000|100%| O|  |TAMS 0x00000007f6800000, 0x00000007f68c3600| Untracked 
|2011|0x00000007f6c00000, 0x00000007f7000000, 0x00000007f7000000|100%| O|  |TAMS 0x00000007f6c00000, 0x00000007f7000000| Untracked 
|2012|0x00000007f7000000, 0x00000007f7400000, 0x00000007f7400000|100%| O|  |TAMS 0x00000007f7000000, 0x00000007f7400000| Untracked 
|2013|0x00000007f7400000, 0x00000007f7800000, 0x00000007f7800000|100%| O|  |TAMS 0x00000007f7400000, 0x00000007f7800000| Untracked 
|2014|0x00000007f7800000, 0x00000007f7c00000, 0x00000007f7c00000|100%| O|  |TAMS 0x00000007f7800000, 0x00000007f7c00000| Untracked 
|2015|0x00000007f7c00000, 0x00000007f8000000, 0x00000007f8000000|100%| O|  |TAMS 0x00000007f7c00000, 0x00000007f8000000| Untracked 
|2016|0x00000007f8000000, 0x00000007f8400000, 0x00000007f8400000|100%| O|  |TAMS 0x00000007f8000000, 0x00000007f8400000| Untracked 
|2017|0x00000007f8400000, 0x00000007f8800000, 0x00000007f8800000|100%| O|  |TAMS 0x00000007f8400000, 0x00000007f8800000| Untracked 
|2018|0x00000007f8800000, 0x00000007f8c00000, 0x00000007f8c00000|100%| O|  |TAMS 0x00000007f8800000, 0x00000007f8c00000| Untracked 
|2019|0x00000007f8c00000, 0x00000007f9000000, 0x00000007f9000000|100%| O|  |TAMS 0x00000007f8c00000, 0x00000007f9000000| Untracked 
|2020|0x00000007f9000000, 0x00000007f9400000, 0x00000007f9400000|100%| O|  |TAMS 0x00000007f9000000, 0x00000007f9400000| Untracked 
|2021|0x00000007f9400000, 0x00000007f9800000, 0x00000007f9800000|100%| O|  |TAMS 0x00000007f9400000, 0x00000007f9800000| Untracked 
|2022|0x00000007f9800000, 0x00000007f9c00000, 0x00000007f9c00000|100%| O|  |TAMS 0x00000007f9800000, 0x00000007f9c00000| Untracked 
|2023|0x00000007f9c00000, 0x00000007fa000000, 0x00000007fa000000|100%| O|  |TAMS 0x00000007f9c00000, 0x00000007fa000000| Untracked 
|2024|0x00000007fa000000, 0x00000007fa400000, 0x00000007fa400000|100%| O|  |TAMS 0x00000007fa000000, 0x00000007fa400000| Untracked 
|2025|0x00000007fa400000, 0x00000007fa800000, 0x00000007fa800000|100%| O|  |TAMS 0x00000007fa400000, 0x00000007fa800000| Untracked 
|2026|0x00000007fa800000, 0x00000007fac00000, 0x00000007fac00000|100%| O|  |TAMS 0x00000007fa800000, 0x00000007fac00000| Untracked 
|2027|0x00000007fac00000, 0x00000007fb000000, 0x00000007fb000000|100%| O|  |TAMS 0x00000007fac00000, 0x00000007fb000000| Untracked 
|2028|0x00000007fb000000, 0x00000007fb400000, 0x00000007fb400000|100%| O|  |TAMS 0x00000007fb000000, 0x00000007fb400000| Untracked 
|2029|0x00000007fb400000, 0x00000007fb800000, 0x00000007fb800000|100%| O|  |TAMS 0x00000007fb400000, 0x00000007fb800000| Untracked 
|2030|0x00000007fb800000, 0x00000007fbc00000, 0x00000007fbc00000|100%| O|  |TAMS 0x00000007fb800000, 0x00000007fbc00000| Untracked 
|2031|0x00000007fbc00000, 0x00000007fc000000, 0x00000007fc000000|100%| O|  |TAMS 0x00000007fbc00000, 0x00000007fc000000| Untracked 
|2032|0x00000007fc000000, 0x00000007fc400000, 0x00000007fc400000|100%| O|  |TAMS 0x00000007fc000000, 0x00000007fc400000| Untracked 
|2033|0x00000007fc400000, 0x00000007fc800000, 0x00000007fc800000|100%| O|  |TAMS 0x00000007fc400000, 0x00000007fc800000| Untracked 
|2034|0x00000007fc800000, 0x00000007fcc00000, 0x00000007fcc00000|100%| O|  |TAMS 0x00000007fc800000, 0x00000007fcc00000| Untracked 
|2035|0x00000007fcc00000, 0x00000007fd000000, 0x00000007fd000000|100%| O|  |TAMS 0x00000007fcc00000, 0x00000007fd000000| Untracked 
|2036|0x00000007fd000000, 0x00000007fd400000, 0x00000007fd400000|100%| O|  |TAMS 0x00000007fd000000, 0x00000007fd400000| Untracked 
|2037|0x00000007fd400000, 0x00000007fd800000, 0x00000007fd800000|100%| O|  |TAMS 0x00000007fd400000, 0x00000007fd800000| Untracked 
|2038|0x00000007fd800000, 0x00000007fdc00000, 0x00000007fdc00000|100%| O|  |TAMS 0x00000007fd800000, 0x00000007fdc00000| Untracked 
|2039|0x00000007fdc00000, 0x00000007fe000000, 0x00000007fe000000|100%| O|  |TAMS 0x00000007fdc00000, 0x00000007fe000000| Untracked 
|2040|0x00000007fe000000, 0x00000007fe400000, 0x00000007fe400000|100%| O|  |TAMS 0x00000007fe000000, 0x00000007fe400000| Untracked 
|2041|0x00000007fe400000, 0x00000007fe800000, 0x00000007fe800000|100%| O|  |TAMS 0x00000007fe400000, 0x00000007fe800000| Untracked 
|2042|0x00000007fe800000, 0x00000007fec00000, 0x00000007fec00000|100%| O|  |TAMS 0x00000007fe800000, 0x00000007fec00000| Untracked 
|2043|0x00000007fec00000, 0x00000007ff000000, 0x00000007ff000000|100%| O|  |TAMS 0x00000007fec00000, 0x00000007ff000000| Untracked 
|2044|0x00000007ff000000, 0x00000007ff400000, 0x00000007ff400000|100%| O|  |TAMS 0x00000007ff000000, 0x00000007ff400000| Untracked 
|2045|0x00000007ff400000, 0x00000007ff800000, 0x00000007ff800000|100%| O|  |TAMS 0x00000007ff400000, 0x00000007ff800000| Untracked 
|2046|0x00000007ff800000, 0x00000007ffc00000, 0x00000007ffc00000|100%| O|  |TAMS 0x00000007ff800000, 0x00000007ffc00000| Untracked 
|2047|0x00000007ffc00000, 0x0000000800000000, 0x0000000800000000|100%| O|  |TAMS 0x00000007ffc00000, 0x0000000800000000| Untracked 

Card table byte_map: [0x0000023f977e0000,0x0000023f987e0000] _byte_map_base: 0x0000023f947e0000

Marking Bits (Prev, Next): (CMBitMap*) 0x0000023ffab572d0, (CMBitMap*) 0x0000023ffab57290
 Prev Bits: [0x0000023fa17e0000, 0x0000023fa97e0000)
 Next Bits: [0x0000023f997e0000, 0x0000023fa17e0000)

Polling page: 0x0000023ffbe00000

Metaspace:

Usage:
  Non-class:      1.92 MB used.
      Class:    203.65 KB used.
       Both:      2.12 MB used.

Virtual space:
  Non-class space:       64.00 MB reserved,       2.00 MB (  3%) committed,  1 nodes.
      Class space:        1.00 GB reserved,     256.00 KB ( <1%) committed,  1 nodes.
             Both:        1.06 GB reserved,       2.25 MB ( <1%) committed. 

Chunk freelists:
   Non-Class:  11.27 MB
       Class:  15.66 MB
        Both:  26.92 MB

MaxMetaspaceSize: unlimited
CompressedClassSpaceSize: 1.00 GB
Initial GC threshold: 21.00 MB
Current GC threshold: 21.00 MB
CDS: on
MetaspaceReclaimPolicy: balanced
 - commit_granule_bytes: 65536.
 - commit_granule_words: 8192.
 - virtual_space_node_default_size: 8388608.
 - enlarge_chunks_in_place: 1.
 - new_chunks_are_fully_committed: 0.
 - uncommit_free_chunks: 1.
 - use_allocation_guard: 0.
 - handle_deallocations: 1.


Internal statistics:

num_allocs_failed_limit: 0.
num_arena_births: 14.
num_arena_deaths: 0.
num_vsnodes_births: 2.
num_vsnodes_deaths: 0.
num_space_committed: 36.
num_space_uncommitted: 0.
num_chunks_returned_to_freelist: 0.
num_chunks_taken_from_freelist: 52.
num_chunk_merges: 0.
num_chunk_splits: 37.
num_chunks_enlarged: 30.
num_inconsistent_stats: 0.

CodeHeap 'non-profiled nmethods': size=120000Kb used=272Kb max_used=272Kb free=119727Kb
 bounds [0x0000023f8f2b0000, 0x0000023f8f520000, 0x0000023f967e0000]
CodeHeap 'profiled nmethods': size=120000Kb used=917Kb max_used=917Kb free=119082Kb
 bounds [0x0000023f877e0000, 0x0000023f87a50000, 0x0000023f8ed10000]
CodeHeap 'non-nmethods': size=5760Kb used=1118Kb max_used=1138Kb free=4641Kb
 bounds [0x0000023f8ed10000, 0x0000023f8ef80000, 0x0000023f8f2b0000]
 total_blobs=1023 nmethods=622 adapters=314
 compilation: enabled
              stopped_count=0, restarted_count=0
 full_count=0

Compilation events (20 events):
Event: 108.577 Thread 0x0000023ffb3ecc10  612       4       com.hankcs.hanlp.dependency.nnparser.Matrix::load (78 bytes)
Event: 108.599 Thread 0x0000023ffb3ecc10 nmethod 612 0x0000023f8f2f2890 code [0x0000023f8f2f2ac0, 0x0000023f8f2f3610]
Event: 108.643 Thread 0x0000023ffb3f2640  613       3       sun.nio.ch.FileDispatcherImpl::read (8 bytes)
Event: 108.643 Thread 0x0000023ffb3f2640 nmethod 613 0x0000023f878c0990 code [0x0000023f878c0b20, 0x0000023f878c0c68]
Event: 108.644 Thread 0x0000023ffb3f2640  615       3       java.nio.MappedByteBuffer::flip (5 bytes)
Event: 108.644 Thread 0x0000023ffb3f2640 nmethod 615 0x0000023f878c0d10 code [0x0000023f878c0ec0, 0x0000023f878c10f8]
Event: 108.644 Thread 0x0000023ffb3f2640  616       3       java.nio.MappedByteBuffer::flip (7 bytes)
Event: 108.644 Thread 0x0000023ffb3f2640 nmethod 616 0x0000023f878c1210 code [0x0000023f878c13c0, 0x0000023f878c1598]
Event: 108.644 Thread 0x0000023ffb3f2640  617       3       java.nio.HeapByteBuffer::put (12 bytes)
Event: 108.644 Thread 0x0000023ffb3f2640 nmethod 617 0x0000023f878c1690 code [0x0000023f878c1860, 0x0000023f878c1b48]
Event: 108.644 Thread 0x0000023ffb3f2640  618       3       java.nio.Buffer::checkScope (16 bytes)
Event: 108.645 Thread 0x0000023ffb3f2640 nmethod 618 0x0000023f878c1c90 code [0x0000023f878c1e40, 0x0000023f878c2078]
Event: 108.645 Thread 0x0000023ffb3f2640  619       3       java.nio.ByteBuffer::put (124 bytes)
Event: 108.645 Thread 0x0000023ffb3f2640 nmethod 619 0x0000023f878c2190 code [0x0000023f878c23c0, 0x0000023f878c2c08]
Event: 108.645 Thread 0x0000023ffb3f2640  620   !   3       java.nio.ByteBuffer::putBuffer (142 bytes)
Event: 108.646 Thread 0x0000023ffb3f2640 nmethod 620 0x0000023f878c2e90 code [0x0000023f878c3120, 0x0000023f878c3cb8]
Event: 108.646 Thread 0x0000023ffb3f2640  621   !   3       jdk.internal.misc.ScopedMemoryAccess::copyMemory (31 bytes)
Event: 108.646 Thread 0x0000023ffb3f2640 nmethod 621 0x0000023f878c4390 code [0x0000023f878c45a0, 0x0000023f878c4b38]
Event: 108.646 Thread 0x0000023ffb3f2640  622   !   3       jdk.internal.misc.ScopedMemoryAccess::copyMemoryInternal (60 bytes)
Event: 108.647 Thread 0x0000023ffb3f2640 nmethod 622 0x0000023f878c4e90 code [0x0000023f878c5080, 0x0000023f878c5488]

GC Heap History (20 events):
Event: 106.398 GC heap after
{Heap after GC invocations=8 (full 0):
 garbage-first heap   total 643072K, used 277308K [0x0000000600000000, 0x0000000800000000)
  region size 4096K, 1 young (4096K), 1 survivors (4096K)
 Metaspace       used 2033K, committed 2176K, reserved 1114112K
  class space    used 195K, committed 256K, reserved 1048576K
}
Event: 106.444 GC heap before
{Heap before GC invocations=8 (full 0):
 garbage-first heap   total 643072K, used 297788K [0x0000000600000000, 0x0000000800000000)
  region size 4096K, 7 young (28672K), 1 survivors (4096K)
 Metaspace       used 2043K, committed 2176K, reserved 1114112K
  class space    used 195K, committed 256K, reserved 1048576K
}
Event: 106.444 GC heap after
{Heap after GC invocations=9 (full 0):
 garbage-first heap   total 643072K, used 277308K [0x0000000600000000, 0x0000000800000000)
  region size 4096K, 1 young (4096K), 1 survivors (4096K)
 Metaspace       used 2043K, committed 2176K, reserved 1114112K
  class space    used 195K, committed 256K, reserved 1048576K
}
Event: 106.483 GC heap before
{Heap before GC invocations=9 (full 0):
 garbage-first heap   total 643072K, used 293692K [0x0000000600000000, 0x0000000800000000)
  region size 4096K, 7 young (28672K), 1 survivors (4096K)
 Metaspace       used 2043K, committed 2176K, reserved 1114112K
  class space    used 195K, committed 256K, reserved 1048576K
}
Event: 106.484 GC heap after
{Heap after GC invocations=10 (full 0):
 garbage-first heap   total 643072K, used 277306K [0x0000000600000000, 0x0000000800000000)
  region size 4096K, 0 young (0K), 0 survivors (0K)
 Metaspace       used 2043K, committed 2176K, reserved 1114112K
  class space    used 195K, committed 256K, reserved 1048576K
}
Event: 106.961 GC heap before
{Heap before GC invocations=10 (full 0):
 garbage-first heap   total 643072K, used 568122K [0x0000000600000000, 0x0000000800000000)
  region size 4096K, 42 young (172032K), 0 survivors (0K)
 Metaspace       used 2069K, committed 2240K, reserved 1114112K
  class space    used 195K, committed 256K, reserved 1048576K
}
Event: 106.963 GC heap after
{Heap after GC invocations=11 (full 0):
 garbage-first heap   total 643072K, used 405404K [0x0000000600000000, 0x0000000800000000)
  region size 4096K, 1 young (4096K), 1 survivors (4096K)
 Metaspace       used 2069K, committed 2240K, reserved 1114112K
  class space    used 195K, committed 256K, reserved 1048576K
}
Event: 107.812 GC heap before
{Heap before GC invocations=12 (full 0):
 garbage-first heap   total 1011712K, used 728988K [0x0000000600000000, 0x0000000800000000)
  region size 4096K, 39 young (159744K), 1 survivors (4096K)
 Metaspace       used 2070K, committed 2240K, reserved 1114112K
  class space    used 195K, committed 256K, reserved 1048576K
}
Event: 107.819 GC heap after
{Heap after GC invocations=13 (full 0):
 garbage-first heap   total 1011712K, used 548678K [0x0000000600000000, 0x0000000800000000)
  region size 4096K, 1 young (4096K), 1 survivors (4096K)
 Metaspace       used 2070K, committed 2240K, reserved 1114112K
  class space    used 195K, committed 256K, reserved 1048576K
}
Event: 108.082 GC heap before
{Heap before GC invocations=13 (full 0):
 garbage-first heap   total 1011712K, used 601926K [0x0000000600000000, 0x0000000800000000)
  region size 4096K, 16 young (65536K), 1 survivors (4096K)
 Metaspace       used 2073K, committed 2240K, reserved 1114112K
  class space    used 195K, committed 256K, reserved 1048576K
}
Event: 108.083 GC heap after
{Heap after GC invocations=14 (full 0):
 garbage-first heap   total 1011712K, used 548766K [0x0000000600000000, 0x0000000800000000)
  region size 4096K, 1 young (4096K), 1 survivors (4096K)
 Metaspace       used 2073K, committed 2240K, reserved 1114112K
  class space    used 195K, committed 256K, reserved 1048576K
}
Event: 108.208 GC heap before
{Heap before GC invocations=15 (full 0):
 garbage-first heap   total 1011712K, used 577438K [0x0000000600000000, 0x0000000800000000)
  region size 4096K, 6 young (24576K), 1 survivors (4096K)
 Metaspace       used 2073K, committed 2240K, reserved 1114112K
  class space    used 195K, committed 256K, reserved 1048576K
}
Event: 108.209 GC heap after
{Heap after GC invocations=16 (full 0):
 garbage-first heap   total 1011712K, used 565070K [0x0000000600000000, 0x0000000800000000)
  region size 4096K, 1 young (4096K), 1 survivors (4096K)
 Metaspace       used 2073K, committed 2240K, reserved 1114112K
  class space    used 195K, committed 256K, reserved 1048576K
}
Event: 109.259 GC heap before
{Heap before GC invocations=17 (full 0):
 garbage-first heap   total 1011712K, used 917326K [0x0000000600000000, 0x0000000800000000)
  region size 4096K, 80 young (327680K), 1 survivors (4096K)
 Metaspace       used 2173K, committed 2304K, reserved 1114112K
  class space    used 203K, committed 256K, reserved 1048576K
}
Event: 109.495 GC heap after
{Heap after GC invocations=18 (full 0):
 garbage-first heap   total 1167360K, used 836365K [0x0000000600000000, 0x0000000800000000)
  region size 4096K, 10 young (40960K), 10 survivors (40960K)
 Metaspace       used 2173K, committed 2304K, reserved 1114112K
  class space    used 203K, committed 256K, reserved 1048576K
}
Event: 109.618 GC heap before
{Heap before GC invocations=18 (full 0):
 garbage-first heap   total 1167360K, used 865037K [0x0000000600000000, 0x0000000800000000)
  region size 4096K, 18 young (73728K), 10 survivors (40960K)
 Metaspace       used 2173K, committed 2304K, reserved 1114112K
  class space    used 203K, committed 256K, reserved 1048576K
}
Event: 109.722 GC heap after
{Heap after GC invocations=19 (full 0):
 garbage-first heap   total 1167360K, used 866600K [0x0000000600000000, 0x0000000800000000)
  region size 4096K, 3 young (12288K), 3 survivors (12288K)
 Metaspace       used 2173K, committed 2304K, reserved 1114112K
  class space    used 203K, committed 256K, reserved 1048576K
}
Event: 109.821 GC heap before
{Heap before GC invocations=19 (full 0):
 garbage-first heap   total 1167360K, used 907560K [0x0000000600000000, 0x0000000800000000)
  region size 4096K, 14 young (57344K), 3 survivors (12288K)
 Metaspace       used 2173K, committed 2304K, reserved 1114112K
  class space    used 203K, committed 256K, reserved 1048576K
}
Event: 109.847 GC heap after
{Heap after GC invocations=20 (full 0):
 garbage-first heap   total 1167360K, used 911656K [0x0000000600000000, 0x0000000800000000)
  region size 4096K, 2 young (8192K), 2 survivors (8192K)
 Metaspace       used 2173K, committed 2304K, reserved 1114112K
  class space    used 203K, committed 256K, reserved 1048576K
}
Event: 109.856 GC heap before
{Heap before GC invocations=20 (full 0):
 garbage-first heap   total 1167360K, used 956712K [0x0000000600000000, 0x0000000800000000)
  region size 4096K, 14 young (57344K), 2 survivors (8192K)
 Metaspace       used 2173K, committed 2304K, reserved 1114112K
  class space    used 203K, committed 256K, reserved 1048576K
}

Deoptimization events (20 events):
Event: 106.300 Thread 0x0000023ff81e7a40 DEOPT PACKING pc=0x0000023f8789024a sp=0x00000047825ed7f0
Event: 106.300 Thread 0x0000023ff81e7a40 DEOPT UNPACKING pc=0x0000023f8ed62b43 sp=0x00000047825eccc0 mode 0
Event: 106.576 Thread 0x0000023ff81e7a40 DEOPT PACKING pc=0x0000023f8789e68e sp=0x00000047825ed890
Event: 106.577 Thread 0x0000023ff81e7a40 DEOPT UNPACKING pc=0x0000023f8ed62b43 sp=0x00000047825ece08 mode 0
Event: 106.957 Thread 0x0000023ff81e7a40 Uncommon trap: trap_request=0xffffff45 fr.pc=0x0000023f8f2e37a0 relative=0x0000000000000280
Event: 106.957 Thread 0x0000023ff81e7a40 Uncommon trap: reason=unstable_if action=reinterpret pc=0x0000023f8f2e37a0 method=com.hankcs.hanlp.model.perceptron.model.LinearModel.load(Lcom/hankcs/hanlp/corpus/io/ByteArray;)Z @ 106 c2
Event: 106.957 Thread 0x0000023ff81e7a40 DEOPT PACKING pc=0x0000023f8f2e37a0 sp=0x00000047825ed920
Event: 106.957 Thread 0x0000023ff81e7a40 DEOPT UNPACKING pc=0x0000023f8ed623a3 sp=0x00000047825ed908 mode 2
Event: 107.059 Thread 0x0000023ff81e7a40 DEOPT PACKING pc=0x0000023f878a0a26 sp=0x00000047825ed8c0
Event: 107.059 Thread 0x0000023ff81e7a40 DEOPT UNPACKING pc=0x0000023f8ed62b43 sp=0x00000047825ecdf8 mode 0
Event: 107.082 Thread 0x0000023ff81e7a40 DEOPT PACKING pc=0x0000023f878b5bb6 sp=0x00000047825ed880
Event: 107.082 Thread 0x0000023ff81e7a40 DEOPT UNPACKING pc=0x0000023f8ed62b43 sp=0x00000047825ecdf8 mode 0
Event: 108.532 Thread 0x0000023ff81e7a40 DEOPT PACKING pc=0x0000023f878bfbfd sp=0x00000047825ee470
Event: 108.532 Thread 0x0000023ff81e7a40 DEOPT UNPACKING pc=0x0000023f8ed62b43 sp=0x00000047825ed968 mode 0
Event: 108.533 Thread 0x0000023ff81e7a40 Uncommon trap: trap_request=0xffffff45 fr.pc=0x0000023f8f2ef0f8 relative=0x0000000000000658
Event: 108.533 Thread 0x0000023ff81e7a40 Uncommon trap: reason=unstable_if action=reinterpret pc=0x0000023f8f2ef0f8 method=com.hankcs.hanlp.dependency.nnparser.Matrix.load(Lcom/hankcs/hanlp/corpus/io/ByteArray;)Z @ 39 c2
Event: 108.534 Thread 0x0000023ff81e7a40 DEOPT PACKING pc=0x0000023f8f2ef0f8 sp=0x00000047825ee480
Event: 108.534 Thread 0x0000023ff81e7a40 DEOPT UNPACKING pc=0x0000023f8ed623a3 sp=0x00000047825ee468 mode 2
Event: 108.577 Thread 0x0000023ff81e7a40 DEOPT PACKING pc=0x0000023f878c068e sp=0x00000047825ee4a0
Event: 108.577 Thread 0x0000023ff81e7a40 DEOPT UNPACKING pc=0x0000023f8ed62b43 sp=0x00000047825ed958 mode 0

Classes unloaded (0 events):
No events

Classes redefined (0 events):
No events

Internal exceptions (1 events):
Event: 0.370 Thread 0x0000023ff81e7a40 Exception <a 'java/lang/NoSuchMethodError'{0x000000061ff72eb0}: 'java.lang.Object java.lang.invoke.DirectMethodHandle$Holder.invokeStaticInit(java.lang.Object)'> (0x000000061ff72eb0) 
thrown [s\open\src\hotspot\share\interpreter\linkResolver.cpp, line 759]

VM Operations (20 events):
Event: 108.083 Executing VM operation: G1TryInitiateConcMark done
Event: 108.153 Executing VM operation: G1Concurrent
Event: 108.160 Executing VM operation: G1Concurrent done
Event: 108.196 Executing VM operation: G1Concurrent
Event: 108.196 Executing VM operation: G1Concurrent done
Event: 108.208 Executing VM operation: G1TryInitiateConcMark
Event: 108.209 Executing VM operation: G1TryInitiateConcMark done
Event: 108.288 Executing VM operation: G1Concurrent
Event: 108.288 Executing VM operation: G1Concurrent done
Event: 108.332 Executing VM operation: G1Concurrent
Event: 108.332 Executing VM operation: G1Concurrent done
Event: 108.423 Executing VM operation: HandshakeAllThreads
Event: 108.423 Executing VM operation: HandshakeAllThreads done
Event: 109.256 Executing VM operation: G1CollectForAllocation
Event: 109.502 Executing VM operation: G1CollectForAllocation done
Event: 109.618 Executing VM operation: G1CollectForAllocation
Event: 109.726 Executing VM operation: G1CollectForAllocation done
Event: 109.815 Executing VM operation: G1CollectForAllocation
Event: 109.847 Executing VM operation: G1CollectForAllocation done
Event: 109.856 Executing VM operation: G1CollectForAllocation

Events (20 events):
Event: 105.951 loading class java/util/concurrent/LinkedBlockingDeque$Node
Event: 105.951 loading class java/util/concurrent/LinkedBlockingDeque$Node done
Event: 105.958 loading class java/lang/NoSuchFieldError
Event: 105.958 loading class java/lang/NoSuchFieldError done
Event: 105.963 loading class java/util/AbstractList$Itr
Event: 105.964 loading class java/util/AbstractList$Itr done
Event: 105.964 loading class java/util/AbstractList$ListItr
Event: 105.965 loading class java/util/AbstractList$ListItr done
Event: 105.965 loading class java/util/AbstractList$RandomAccessSubList
Event: 105.965 loading class java/util/AbstractList$SubList
Event: 105.965 loading class java/util/AbstractList$SubList done
Event: 105.966 loading class java/util/AbstractList$RandomAccessSubList done
Event: 105.966 loading class java/util/ArrayList$ListItr
Event: 105.966 loading class java/util/ArrayList$ListItr done
Event: 106.212 Thread 0x0000023ff92190e0 Thread exited: 0x0000023ff92190e0
Event: 106.213 Thread 0x0000023ff921cb50 Thread exited: 0x0000023ff921cb50
Event: 108.443 loading class java/lang/ArrayIndexOutOfBoundsException
Event: 108.445 loading class java/lang/IndexOutOfBoundsException
Event: 108.447 loading class java/lang/IndexOutOfBoundsException done
Event: 108.447 loading class java/lang/ArrayIndexOutOfBoundsException done


Dynamic libraries:
0x00007ff7a2ab0000 - 0x00007ff7a2acc000 	D:\anaconda3\envs\papercut\python.exe
0x00007ffc9bb70000 - 0x00007ffc9bd68000 	C:\WINDOWS\SYSTEM32\ntdll.dll
0x00007ffc9b030000 - 0x00007ffc9b0f2000 	C:\WINDOWS\System32\KERNEL32.DLL
0x00007ffc99360000 - 0x00007ffc9965f000 	C:\WINDOWS\System32\KERNELBASE.dll
0x00007ffc9b5d0000 - 0x00007ffc9b67f000 	C:\WINDOWS\System32\ADVAPI32.DLL
0x00007ffc9adc0000 - 0x00007ffc9ae5e000 	C:\WINDOWS\System32\msvcrt.dll
0x00007ffc99ba0000 - 0x00007ffc99c3f000 	C:\WINDOWS\System32\sechost.dll
0x00007ffc99c40000 - 0x00007ffc99d63000 	C:\WINDOWS\System32\RPCRT4.dll
0x00007ffc99660000 - 0x00007ffc99687000 	C:\WINDOWS\System32\bcrypt.dll
0x00007ffc99720000 - 0x00007ffc99820000 	C:\WINDOWS\System32\ucrtbase.dll
0x00007ffc91f30000 - 0x00007ffc91f4e000 	D:\anaconda3\envs\papercut\VCRUNTIME140.dll
0x00007ffc433c0000 - 0x00007ffc438aa000 	D:\anaconda3\envs\papercut\python38.dll
0x00007ffc9b930000 - 0x00007ffc9b985000 	C:\WINDOWS\System32\SHLWAPI.dll
0x00007ffc9b830000 - 0x00007ffc9b89b000 	C:\WINDOWS\System32\WS2_32.dll
0x00007ffc91f10000 - 0x00007ffc91f2a000 	D:\anaconda3\envs\papercut\zlib.dll
0x00007ffc91d30000 - 0x00007ffc91d3a000 	C:\WINDOWS\SYSTEM32\VERSION.dll
0x00007ffc98ad0000 - 0x00007ffc98ae8000 	C:\WINDOWS\SYSTEM32\CRYPTSP.dll
0x00007ffc981b0000 - 0x00007ffc981e4000 	C:\WINDOWS\system32\rsaenh.dll
0x00007ffc98a00000 - 0x00007ffc98a0c000 	C:\WINDOWS\SYSTEM32\CRYPTBASE.dll
0x00007ffc99690000 - 0x00007ffc99712000 	C:\WINDOWS\System32\bcryptPrimitives.dll
0x00007ffc95b70000 - 0x00007ffc95b7f000 	D:\anaconda3\envs\papercut\python3.DLL
0x00007ffc94bd0000 - 0x00007ffc94bdb000 	D:\anaconda3\envs\papercut\DLLs\_bz2.pyd
0x00007ffc91e80000 - 0x00007ffc91e96000 	D:\anaconda3\envs\papercut\Library\bin\libbz2.dll
0x00007ffc91e70000 - 0x00007ffc91e7e000 	D:\anaconda3\envs\papercut\DLLs\_lzma.pyd
0x00007ffc91e30000 - 0x00007ffc91e62000 	D:\anaconda3\envs\papercut\Library\bin\liblzma.dll
0x00007ffc8f730000 - 0x00007ffc8f755000 	D:\anaconda3\envs\papercut\DLLs\_ctypes.pyd
0x00007ffc9ac30000 - 0x00007ffc9ad5b000 	C:\WINDOWS\System32\ole32.dll
0x00007ffc9b1c0000 - 0x00007ffc9b515000 	C:\WINDOWS\System32\combase.dll
0x00007ffc9b190000 - 0x00007ffc9b1bb000 	C:\WINDOWS\System32\GDI32.dll
0x00007ffc99b60000 - 0x00007ffc99b82000 	C:\WINDOWS\System32\win32u.dll
0x00007ffc99980000 - 0x00007ffc99a9a000 	C:\WINDOWS\System32\gdi32full.dll
0x00007ffc99210000 - 0x00007ffc992ad000 	C:\WINDOWS\System32\msvcp_win.dll
0x00007ffc9b990000 - 0x00007ffc9bb2d000 	C:\WINDOWS\System32\USER32.dll
0x00007ffc9b6b0000 - 0x00007ffc9b77d000 	C:\WINDOWS\System32\OLEAUT32.dll
0x00007ffc903e0000 - 0x00007ffc903ec000 	D:\anaconda3\envs\papercut\Library\bin\ffi-8.dll
0x00007ffc9b8a0000 - 0x00007ffc9b8cf000 	C:\WINDOWS\System32\IMM32.DLL
0x00007ffc3e3f0000 - 0x00007ffc4029f000 	D:\anaconda3\envs\papercut\lib\site-packages\numpy\.libs\libopenblas64__v0.3.21-gcc_10_3_0.dll
0x00007ffc473e0000 - 0x00007ffc476aa000 	D:\anaconda3\envs\papercut\lib\site-packages\numpy\core\_multiarray_umath.cp38-win_amd64.pyd
0x00007ffc83470000 - 0x00007ffc83485000 	D:\anaconda3\envs\papercut\lib\site-packages\numpy\core\_multiarray_tests.cp38-win_amd64.pyd
0x00007ffc83450000 - 0x00007ffc8346e000 	D:\anaconda3\envs\papercut\lib\site-packages\numpy\linalg\_umath_linalg.cp38-win_amd64.pyd
0x00007ffc82d40000 - 0x00007ffc82d60000 	D:\anaconda3\envs\papercut\lib\site-packages\numpy\fft\_pocketfft_internal.cp38-win_amd64.pyd
0x00007ffc7fcd0000 - 0x00007ffc7fd60000 	D:\anaconda3\envs\papercut\lib\site-packages\numpy\random\mtrand.cp38-win_amd64.pyd
0x00007ffc7fda0000 - 0x00007ffc7fdc6000 	D:\anaconda3\envs\papercut\lib\site-packages\numpy\random\bit_generator.cp38-win_amd64.pyd
0x00007ffc7fc50000 - 0x00007ffc7fc81000 	D:\anaconda3\envs\papercut\lib\site-packages\numpy\random\_common.cp38-win_amd64.pyd
0x00007ffc903a0000 - 0x00007ffc903ae000 	D:\anaconda3\envs\papercut\DLLs\_hashlib.pyd
0x00007ffc426c0000 - 0x00007ffc42d1f000 	D:\anaconda3\envs\papercut\Library\bin\libcrypto-3-x64.dll
0x00007ffc99820000 - 0x00007ffc9997c000 	C:\WINDOWS\System32\CRYPT32.dll
0x00007ffc7f5f0000 - 0x00007ffc7f630000 	D:\anaconda3\envs\papercut\lib\site-packages\numpy\random\_bounded_integers.cp38-win_amd64.pyd
0x00007ffc80f80000 - 0x00007ffc80f95000 	D:\anaconda3\envs\papercut\lib\site-packages\numpy\random\_mt19937.cp38-win_amd64.pyd
0x00007ffc7fc30000 - 0x00007ffc7fc44000 	D:\anaconda3\envs\papercut\lib\site-packages\numpy\random\_philox.cp38-win_amd64.pyd
0x00007ffc7fbd0000 - 0x00007ffc7fbe7000 	D:\anaconda3\envs\papercut\lib\site-packages\numpy\random\_pcg64.cp38-win_amd64.pyd
0x00007ffc833f0000 - 0x00007ffc83400000 	D:\anaconda3\envs\papercut\lib\site-packages\numpy\random\_sfc64.cp38-win_amd64.pyd
0x00007ffc478d0000 - 0x00007ffc47976000 	D:\anaconda3\envs\papercut\lib\site-packages\numpy\random\_generator.cp38-win_amd64.pyd
0x00007ffc472f0000 - 0x00007ffc473d8000 	D:\anaconda3\envs\papercut\lib\site-packages\pandas\_libs\interval.cp38-win_amd64.pyd
0x00007ffc44ea0000 - 0x00007ffc4500c000 	D:\anaconda3\envs\papercut\lib\site-packages\pandas\_libs\hashtable.cp38-win_amd64.pyd
0x00007ffc7ecb0000 - 0x00007ffc7ecd9000 	D:\anaconda3\envs\papercut\lib\site-packages\pandas\_libs\missing.cp38-win_amd64.pyd
0x00007ffc7ec90000 - 0x00007ffc7ecaf000 	D:\anaconda3\envs\papercut\lib\site-packages\pandas\_libs\tslibs\dtypes.cp38-win_amd64.pyd
0x00007ffc7ea10000 - 0x00007ffc7ea2c000 	D:\anaconda3\envs\papercut\lib\site-packages\pandas\_libs\tslibs\np_datetime.cp38-win_amd64.pyd
0x00007ffc7e8a0000 - 0x00007ffc7e8cd000 	D:\anaconda3\envs\papercut\lib\site-packages\pandas\_libs\tslibs\conversion.cp38-win_amd64.pyd
0x00007ffc7fd90000 - 0x00007ffc7fd9d000 	D:\anaconda3\envs\papercut\lib\site-packages\pandas\_libs\tslibs\base.cp38-win_amd64.pyd
0x00007ffc446c0000 - 0x00007ffc44765000 	D:\anaconda3\envs\papercut\lib\site-packages\pandas\_libs\tslibs\offsets.cp38-win_amd64.pyd
0x00007ffc6a1c0000 - 0x00007ffc6a229000 	D:\anaconda3\envs\papercut\lib\site-packages\pandas\_libs\tslibs\timestamps.cp38-win_amd64.pyd
0x00007ffc7e870000 - 0x00007ffc7e89f000 	D:\anaconda3\envs\papercut\lib\site-packages\pandas\_libs\tslibs\nattype.cp38-win_amd64.pyd
0x00007ffc477a0000 - 0x00007ffc47807000 	D:\anaconda3\envs\papercut\lib\site-packages\pandas\_libs\tslibs\timedeltas.cp38-win_amd64.pyd
0x00007ffc7c800000 - 0x00007ffc7c82f000 	D:\anaconda3\envs\papercut\lib\site-packages\pandas\_libs\tslibs\timezones.cp38-win_amd64.pyd
0x0000023ff8a10000 - 0x0000023ff8a13000 	C:\WINDOWS\SYSTEM32\tzres.dll
0x00007ffc773d0000 - 0x00007ffc7740c000 	D:\anaconda3\envs\papercut\lib\site-packages\pandas\_libs\tslibs\fields.cp38-win_amd64.pyd
0x00007ffc7fcc0000 - 0x00007ffc7fcd0000 	D:\anaconda3\envs\papercut\lib\site-packages\pandas\_libs\tslibs\ccalendar.cp38-win_amd64.pyd
0x00007ffc76f60000 - 0x00007ffc76f98000 	D:\anaconda3\envs\papercut\lib\site-packages\pandas\_libs\tslibs\tzconversion.cp38-win_amd64.pyd
0x00007ffc7e9f0000 - 0x00007ffc7ea01000 	D:\anaconda3\envs\papercut\lib\site-packages\pandas\_libs\properties.cp38-win_amd64.pyd
0x00007ffc648d0000 - 0x00007ffc64918000 	D:\anaconda3\envs\papercut\lib\site-packages\pandas\_libs\tslibs\parsing.cp38-win_amd64.pyd
0x00007ffc44660000 - 0x00007ffc446b6000 	D:\anaconda3\envs\papercut\DLLs\_decimal.pyd
0x00007ffc76ce0000 - 0x00007ffc76d1a000 	D:\anaconda3\envs\papercut\lib\site-packages\pandas\_libs\tslibs\strptime.cp38-win_amd64.pyd
0x00007ffc44600000 - 0x00007ffc44654000 	D:\anaconda3\envs\papercut\lib\site-packages\pandas\_libs\tslibs\period.cp38-win_amd64.pyd
0x00007ffc7c7d0000 - 0x00007ffc7c7fa000 	D:\anaconda3\envs\papercut\lib\site-packages\pandas\_libs\tslibs\vectorized.cp38-win_amd64.pyd
0x00007ffc7fc20000 - 0x00007ffc7fc2f000 	D:\anaconda3\envs\papercut\lib\site-packages\pandas\_libs\ops_dispatch.cp38-win_amd64.pyd
0x00007ffc43230000 - 0x00007ffc433b4000 	D:\anaconda3\envs\papercut\lib\site-packages\pandas\_libs\algos.cp38-win_amd64.pyd
0x00007ffc44580000 - 0x00007ffc445fa000 	D:\anaconda3\envs\papercut\lib\site-packages\pandas\_libs\lib.cp38-win_amd64.pyd
0x00007ffc79bb0000 - 0x00007ffc79bd5000 	D:\anaconda3\envs\papercut\lib\site-packages\pandas\_libs\hashing.cp38-win_amd64.pyd
0x00007ffc49e80000 - 0x00007ffc49eb5000 	D:\anaconda3\envs\papercut\lib\site-packages\pandas\_libs\tslib.cp38-win_amd64.pyd
0x00007ffc43120000 - 0x00007ffc4322f000 	D:\anaconda3\envs\papercut\DLLs\unicodedata.pyd
0x00007ffc6d730000 - 0x00007ffc6d75e000 	D:\anaconda3\envs\papercut\lib\site-packages\pandas\_libs\ops.cp38-win_amd64.pyd
0x00007ffc7e850000 - 0x00007ffc7e864000 	D:\anaconda3\envs\papercut\lib\site-packages\pandas\_libs\arrays.cp38-win_amd64.pyd
0x00007ffc42600000 - 0x00007ffc426be000 	D:\anaconda3\envs\papercut\lib\site-packages\pandas\_libs\sparse.cp38-win_amd64.pyd
0x00007ffc7fbc0000 - 0x00007ffc7fbcc000 	D:\anaconda3\envs\papercut\lib\site-packages\pandas\_libs\reduction.cp38-win_amd64.pyd
0x00007ffc7ec80000 - 0x00007ffc7ec8f000 	D:\anaconda3\envs\papercut\lib\site-packages\pandas\_libs\indexing.cp38-win_amd64.pyd
0x00007ffc42560000 - 0x00007ffc425f5000 	D:\anaconda3\envs\papercut\lib\site-packages\pandas\_libs\index.cp38-win_amd64.pyd
0x00007ffc49da0000 - 0x00007ffc49ddf000 	D:\anaconda3\envs\papercut\lib\site-packages\pandas\_libs\internals.cp38-win_amd64.pyd
0x00007ffc423c0000 - 0x00007ffc42558000 	D:\anaconda3\envs\papercut\lib\site-packages\pandas\_libs\join.cp38-win_amd64.pyd
0x00007ffc6a190000 - 0x00007ffc6a1ba000 	D:\anaconda3\envs\papercut\lib\site-packages\pandas\_libs\writers.cp38-win_amd64.pyd
0x00007ffc42370000 - 0x00007ffc423bf000 	D:\anaconda3\envs\papercut\lib\site-packages\pandas\_libs\window\aggregations.cp38-win_amd64.pyd
0x00007ffc7e7c0000 - 0x00007ffc7e7cc000 	D:\anaconda3\envs\papercut\lib\site-packages\pandas\_libs\window\VCRUNTIME140_1.dll
0x00007ffc422e0000 - 0x00007ffc4236d000 	D:\anaconda3\envs\papercut\lib\site-packages\pandas\_libs\window\MSVCP140.dll
0x00007ffc5f8a0000 - 0x00007ffc5f8c3000 	D:\anaconda3\envs\papercut\lib\site-packages\pandas\_libs\window\indexers.cp38-win_amd64.pyd
0x00007ffc422a0000 - 0x00007ffc422d5000 	D:\anaconda3\envs\papercut\lib\site-packages\pandas\_libs\reshape.cp38-win_amd64.pyd
0x00007ffc42100000 - 0x00007ffc4229a000 	D:\anaconda3\envs\papercut\lib\site-packages\pandas\_libs\groupby.cp38-win_amd64.pyd
0x00007ffc79c00000 - 0x00007ffc79c17000 	D:\anaconda3\envs\papercut\DLLs\_socket.pyd
0x00007ffc98570000 - 0x00007ffc985ab000 	C:\WINDOWS\SYSTEM32\IPHLPAPI.DLL
0x00007ffc7e7b0000 - 0x00007ffc7e7b9000 	D:\anaconda3\envs\papercut\DLLs\select.pyd
0x00007ffc76f40000 - 0x00007ffc76f55000 	D:\anaconda3\envs\papercut\lib\site-packages\pandas\_libs\testing.cp38-win_amd64.pyd
0x00007ffc420a0000 - 0x00007ffc420fd000 	D:\anaconda3\envs\papercut\lib\site-packages\pandas\_libs\parsers.cp38-win_amd64.pyd
0x00007ffc76d80000 - 0x00007ffc76d93000 	D:\anaconda3\envs\papercut\lib\site-packages\pandas\_libs\json.cp38-win_amd64.pyd
0x00007ffc478a0000 - 0x00007ffc478d0000 	D:\anaconda3\envs\papercut\DLLs\_ssl.pyd
0x00007ffc41f60000 - 0x00007ffc42096000 	D:\anaconda3\envs\papercut\Library\bin\libssl-3-x64.dll
0x00007ffc98870000 - 0x00007ffc988dc000 	C:\WINDOWS\system32\mswsock.dll
0x00007ffc79af0000 - 0x00007ffc79afa000 	D:\anaconda3\envs\papercut\DLLs\_queue.pyd
0x00007ffc78360000 - 0x00007ffc7836e000 	D:\anaconda3\envs\papercut\lib\site-packages\simplejson\_speedups.cp38-win_amd64.pyd
0x00007ffc773c0000 - 0x00007ffc773c7000 	D:\anaconda3\envs\papercut\lib\site-packages\charset_normalizer\md.cp38-win_amd64.pyd
0x00007ffc47770000 - 0x00007ffc47793000 	D:\anaconda3\envs\papercut\lib\site-packages\charset_normalizer\md__mypyc.cp38-win_amd64.pyd
0x00007ffc41b70000 - 0x00007ffc41f56000 	D:\anaconda3\envs\papercut\lib\site-packages\lxml\etree.cp38-win_amd64.pyd
0x00007ffc472c0000 - 0x00007ffc472e9000 	D:\anaconda3\envs\papercut\lib\site-packages\lxml\_elementpath.cp38-win_amd64.pyd
0x00007ffc41b30000 - 0x00007ffc41b68000 	D:\anaconda3\envs\papercut\DLLs\pyexpat.pyd
0x00007ffc41ab0000 - 0x00007ffc41b26000 	D:\anaconda3\envs\papercut\lib\site-packages\_jpype.cp38-win_amd64.pyd
0x00007ffc3d810000 - 0x00007ffc3e3ef000 	C:\Program Files\Java\jdk-17\bin\server\jvm.dll
0x00007ffc9b6a0000 - 0x00007ffc9b6a8000 	C:\WINDOWS\System32\PSAPI.DLL
0x00007ffc94580000 - 0x00007ffc94589000 	C:\WINDOWS\SYSTEM32\WSOCK32.dll
0x00007ffc81af0000 - 0x00007ffc81b17000 	C:\WINDOWS\SYSTEM32\WINMM.dll
0x00007ffc77010000 - 0x00007ffc7701a000 	C:\Program Files\Java\jdk-17\bin\jimage.dll
0x00007ffc97720000 - 0x00007ffc97904000 	C:\WINDOWS\SYSTEM32\DBGHELP.DLL
0x00007ffc7e4a0000 - 0x00007ffc7e4d4000 	C:\WINDOWS\SYSTEM32\dbgcore.DLL
0x00007ffc44550000 - 0x00007ffc44575000 	C:\Program Files\Java\jdk-17\bin\java.dll
0x00007ffc97a40000 - 0x00007ffc97a52000 	C:\WINDOWS\SYSTEM32\kernel.appcore.dll
0x00007ffc419d0000 - 0x00007ffc41aa7000 	C:\Program Files\Java\jdk-17\bin\jsvml.dll
0x00007ffc9a4c0000 - 0x00007ffc9ac2d000 	C:\WINDOWS\System32\SHELL32.dll
0x00007ffc96ea0000 - 0x00007ffc97644000 	C:\WINDOWS\SYSTEM32\windows.storage.dll
0x00007ffc98a90000 - 0x00007ffc98abf000 	C:\WINDOWS\SYSTEM32\Wldp.dll
0x00007ffc9b520000 - 0x00007ffc9b5cd000 	C:\WINDOWS\System32\SHCORE.dll
0x00007ffc99140000 - 0x00007ffc99164000 	C:\WINDOWS\SYSTEM32\profapi.dll

dbghelp: loaded successfully - version: 4.0.5 - missing functions: none
symbol engine: initialized successfully - sym options: 0x614 - pdb path: .;D:\anaconda3\envs\papercut;C:\WINDOWS\SYSTEM32;D:\anaconda3\envs\papercut\DLLs;D:\anaconda3\envs\papercut\Library\bin;D:\anaconda3\envs\papercut\lib\site-packages\numpy\.libs;D:\anaconda3\envs\papercut\lib\site-packages\numpy\core;D:\anaconda3\envs\papercut\lib\site-packages\numpy\linalg;D:\anaconda3\envs\papercut\lib\site-packages\numpy\fft;D:\anaconda3\envs\papercut\lib\site-packages\numpy\random;D:\anaconda3\envs\papercut\lib\site-packages\pandas\_libs;D:\anaconda3\envs\papercut\lib\site-packages\pandas\_libs\tslibs;D:\anaconda3\envs\papercut\lib\site-packages\pandas\_libs\window;D:\anaconda3\envs\papercut\lib\site-packages\simplejson;D:\anaconda3\envs\papercut\lib\site-packages\charset_normalizer;D:\anaconda3\envs\papercut\lib\site-packages\lxml;D:\anaconda3\envs\papercut\lib\site-packages;C:\Program Files\Java\jdk-17\bin\server;C:\Program Files\Java\jdk-17\bin;C:\Program Files\Bonjour

VM Arguments:
jvm_args: -Xms512m -Xmx8g 
java_command: <unknown>
java_class_path (initial): D:\anaconda3\envs\papercut\Lib\site-packages\pyhanlp\static\hanlp-1.8.6.jar;D:\anaconda3\envs\papercut\Lib\site-packages\pyhanlp\static;.;C:\Program Files\Java\jdk-17\lib\dt.jar;C:\Program Files\Java\jdk-17\lib\tools.jar.
Launcher Type: generic

[Global flags]
     intx CICompilerCount                          = 4                                         {product} {ergonomic}
     uint ConcGCThreads                            = 2                                         {product} {ergonomic}
     uint G1ConcRefinementThreads                  = 8                                         {product} {ergonomic}
   size_t G1HeapRegionSize                         = 4194304                                   {product} {ergonomic}
    uintx GCDrainStackTargetSize                   = 64                                        {product} {ergonomic}
   size_t InitialHeapSize                          = 536870912                                 {product} {command line}
   size_t MarkStackSize                            = 4194304                                   {product} {ergonomic}
   size_t MaxHeapSize                              = 8589934592                                {product} {command line}
   size_t MaxNewSize                               = 5150605312                                {product} {ergonomic}
   size_t MinHeapDeltaBytes                        = 4194304                                   {product} {ergonomic}
   size_t MinHeapSize                              = 536870912                                 {product} {command line}
    uintx NonNMethodCodeHeapSize                   = 5839372                                {pd product} {ergonomic}
    uintx NonProfiledCodeHeapSize                  = 122909434                              {pd product} {ergonomic}
    uintx ProfiledCodeHeapSize                     = 122909434                              {pd product} {ergonomic}
    uintx ReservedCodeCacheSize                    = 251658240                              {pd product} {ergonomic}
     bool SegmentedCodeCache                       = true                                      {product} {ergonomic}
   size_t SoftMaxHeapSize                          = 8589934592                             {manageable} {ergonomic}
     bool UseCompressedClassPointers               = true                           {product lp64_product} {ergonomic}
     bool UseCompressedOops                        = true                           {product lp64_product} {ergonomic}
     bool UseG1GC                                  = true                                      {product} {ergonomic}
     bool UseLargePagesIndividualAllocation        = false                                  {pd product} {ergonomic}

Logging:
Log output configuration:
 #0: stdout all=warning uptime,level,tags
 #1: stderr all=off uptime,level,tags

Environment Variables:
JAVA_HOME=C:\Program Files\Java\jdk-17
CLASSPATH=.;C:\Program Files\Java\jdk-17\lib\dt.jar;C:\Program Files\Java\jdk-17\lib\tools.jar.
PATH=D:\anaconda3\envs\papercut;D:\anaconda3\envs\papercut\Library\mingw-w64\bin;D:\anaconda3\envs\papercut\Library\usr\bin;D:\anaconda3\envs\papercut\Library\bin;D:\anaconda3\envs\papercut\Scripts;D:\anaconda3\envs\papercut\bin;D:\anaconda3\condabin;c:\cursor\resources\app\bin;C:\Python313\Scripts;C:\Python313;d:\cursor\resources\app\bin;d:\cursor\resources\app\bin;D:\anaconda3;D:\anaconda3\Scripts;D:\anaconda3\Library\bin;C:\Program Files\Common Files\Oracle\Java\javapath;C:\ProgramData\Oracle\Java\javapath;C:\WINDOWS\system32;C:\WINDOWS;C:\WINDOWS\System32\Wbem;C:\WINDOWS\System32\WindowsPowerShell\v1.0;C:\WINDOWS\System32\OpenSSH;C:\Java\jdk1.8.0_152\bin;C:\Java\jdk1.8.0_152\jre\bin;C:\maven\bin;D:\mysql\mysql-8.0.16-winx64;C:\Program Files\MySQL\MySQL Server 8.0\bin;C:\gs\gs10.04.0\bin;C:\Git\cmd;C:\Program Files\dotnet;C:\Program Files\Docker\Docker\resources\bin;C:\Users\Administrator\AppData\Local\Programs\Python\Launcher;C:\Users\Administrator\AppData\Local\Microsoft\WindowsApps;C:\pycharm\PyCharm 2023.3.4\bin;d:\cursor\resources\a;D:\Typora;D:\node_global;D:\ohpm\command-line-tools\ohpm\bin;E:\Pycharm2021\PyCharm 2021.1.1\bin;C:\Users\Administrator\AppData\Roaming\npm;d:\cursor\resources\app\bin;D:\ohpm\command-line-tools\sdk\default\open;E:\Pycharm2021\PyCharm 2021.1.1\bin;.;D:\VScode\Microsoft VS Code\bin;C:\HarmonyOS\DevEcoStudio\bin;.;C:\Users\Administrator\AppData\Roaming\npm;C:\Users\Administrator\AppData\Local\Programs\cursor\resources\app\bin;C:\nvm;C:\nvm4w\nodejs;C:\cursor\resources\app\bin;D:\anaconda3\envs\papercut;D:\anaconda3\envs\papercut\Library\mingw-w64\bin;D:\anaconda3\envs\papercut\Library\usr\bin;D:\anaconda3\envs\papercut\Library\bin;D:\anaconda3\envs\papercut\Scripts;D:\anaconda3\envs\papercut\bin;D:\anaconda3\condabin;c:\cursor\resources\app\bin;C:\Python313\Scripts;C:\Python313;d:\cursor\resources\app\bin;d:\cursor\resources\app\bin;D:\anaconda3;D:\anaconda3\Scripts;D:\anaconda3\Library\bin;C:\Program Files\Common Files\Oracle\Java\ja
USERNAME=Administrator
LANG=zh_CN.UTF-8
OS=Windows_NT
PROCESSOR_IDENTIFIER=Intel64 Family 6 Model 142 Stepping 10, GenuineIntel



---------------  S Y S T E M  ---------------

OS:
 Windows 10 , 64 bit Build 19041 (10.0.19041.5438)
OS uptime: 3 days 0:01 hours
Hyper-V role detected

CPU: total 8 (initial active 8) (4 cores per cpu, 2 threads per core) family 6 model 142 stepping 10 microcode 0xb4, cx8, cmov, fxsr, ht, mmx, 3dnowpref, sse, sse2, sse3, ssse3, sse4.1, sse4.2, popcnt, lzcnt, tsc, tscinvbit, avx, avx2, aes, erms, clmul, bmi1, bmi2, adx, fma, vzeroupper, clflush, clflushopt, hv

Memory: 4k page, system-wide physical 8089M (384M free)
TotalPageFile size 23043M (AvailPageFile size 607M)
current process WorkingSet (physical memory assigned to process): 400M, peak: 878M
current process commit charge ("private bytes"): 1698M, peak: 3434M

vm_info: Java HotSpot(TM) 64-Bit Server VM (17.0.10+11-LTS-240) for windows-amd64 JRE (17.0.10+11-LTS-240), built on Dec 19 2023 21:47:25 by "mach5one" with MS VC++ 17.1 (VS2022)

END.
