#
# There is insufficient memory for the Java Runtime Environment to continue.
# Native memory allocation (mmap) failed to map 440401920 bytes for G1 virtual space
# Possible reasons:
#   The system is out of physical RAM or swap space
#   The process is running with CompressedOops enabled, and the Java Heap may be blocking the growth of the native heap
# Possible solutions:
#   Reduce memory load on the system
#   Increase physical memory or swap space
#   Check if swap backing store is full
#   Decrease Java heap size (-Xmx/-Xms)
#   Decrease number of Java threads
#   Decrease Java thread stack sizes (-Xss)
#   Set larger code cache with -XX:ReservedCodeCacheSize=
#   JVM is running with Zero Based Compressed Oops mode in which the Java heap is
#     placed in the first 32GB address space. The Java Heap base address is the
#     maximum limit for the native heap growth. Please use -XX:HeapBaseMinAddress
#     to set the Java Heap base and to place the Java Heap above 32GB virtual address.
# This output file may be truncated or incomplete.
#
#  Out of Memory Error (os_windows.cpp:3548), pid=13008, tid=25896
#
# JRE version: Java(TM) SE Runtime Environment (17.0.10+11) (build 17.0.10+11-LTS-240)
# Java VM: Java HotSpot(TM) 64-Bit Server VM (17.0.10+11-LTS-240, mixed mode, sharing, tiered, compressed oops, compressed class ptrs, g1 gc, windows-amd64)
# No core dump will be written. Minidumps are not enabled by default on client versions of Windows
#

---------------  S U M M A R Y ------------

Command Line: -Xms512m -Xmx8g 

Host: Intel(R) Core(TM) i5-8250U CPU @ 1.60GHz, 8 cores, 7G,  Windows 10 , 64 bit Build 19041 (10.0.19041.5438)
Time: Thu Mar 13 15:35:30 2025 中国标准时间 elapsed time: 7.389759 seconds (0d 0h 0m 7s)

---------------  T H R E A D  ---------------

Current thread (0x000001ae0c453b00):  VMThread "VM Thread" [stack: 0x00000074807c0000,0x00000074809b0000] [id=25896]

Stack: [0x00000074807c0000,0x00000074809b0000]
Native frames: (J=compiled Java code, j=interpreted, Vv=VM code, C=native code)
V  [jvm.dll+0x677a5a]
V  [jvm.dll+0x7d8b2d]
V  [jvm.dll+0x7da48e]
V  [jvm.dll+0x7daaf3]
V  [jvm.dll+0x2455ff]
V  [jvm.dll+0x6749b9]
V  [jvm.dll+0x669382]
V  [jvm.dll+0x302e96]
V  [jvm.dll+0x30a416]
V  [jvm.dll+0x359cbe]
V  [jvm.dll+0x359eef]
V  [jvm.dll+0x2d9e88]
V  [jvm.dll+0x2d8295]
V  [jvm.dll+0x2d789c]
V  [jvm.dll+0x31b18b]
V  [jvm.dll+0x7df30b]
V  [jvm.dll+0x7e0044]
V  [jvm.dll+0x7e055d]
V  [jvm.dll+0x7e0934]
V  [jvm.dll+0x7e0a00]
V  [jvm.dll+0x78888a]
V  [jvm.dll+0x676935]
C  [ucrtbase.dll+0x21bb2]
C  [KERNEL32.DLL+0x17374]
C  [ntdll.dll+0x4cc91]

VM_Operation (0x00000074fe9ecfc0): G1CollectForAllocation, mode: safepoint, requested by thread 0x000001ae0c094fb0


---------------  P R O C E S S  ---------------

Threads class SMR info:
_java_thread_list=0x000001ae44125ad0, length=13, elements={
0x000001ae0c094fb0, 0x000001ae0c099ba0, 0x000001ae0c093660, 0x000001ae0c094080,
0x000001ae0c097320, 0x000001ae7f6f8500, 0x000001ae0e5bd0f0, 0x000001ae0c42c310,
0x000001ae0c42d850, 0x000001ae0e5bb290, 0x000001ae0e5bb7a0, 0x000001ae0e5bd600,
0x000001ae0e5bdb10
}

Java Threads: ( => current thread )
  0x000001ae0c094fb0 JavaThread "main" [_thread_blocked, id=9008, stack(0x00000074fe800000,0x00000074fe9f0000)]
  0x000001ae0c099ba0 JavaThread "Reference Handler" daemon [_thread_blocked, id=13416, stack(0x00000074809b0000,0x0000007480ba0000)]
  0x000001ae0c093660 JavaThread "Finalizer" daemon [_thread_blocked, id=24060, stack(0x0000007480ba0000,0x0000007480d90000)]
  0x000001ae0c094080 JavaThread "Signal Dispatcher" daemon [_thread_blocked, id=26144, stack(0x0000007480d90000,0x0000007480f80000)]
  0x000001ae0c097320 JavaThread "Attach Listener" daemon [_thread_blocked, id=22788, stack(0x0000007480f80000,0x0000007481170000)]
  0x000001ae7f6f8500 JavaThread "Service Thread" daemon [_thread_blocked, id=15532, stack(0x0000007481170000,0x0000007481360000)]
  0x000001ae0e5bd0f0 JavaThread "Monitor Deflation Thread" daemon [_thread_blocked, id=20536, stack(0x0000007481360000,0x0000007481550000)]
  0x000001ae0c42c310 JavaThread "C2 CompilerThread0" daemon [_thread_blocked, id=17396, stack(0x0000007481550000,0x0000007481740000)]
  0x000001ae0c42d850 JavaThread "C1 CompilerThread0" daemon [_thread_blocked, id=26820, stack(0x0000007481740000,0x0000007481930000)]
  0x000001ae0e5bb290 JavaThread "Sweeper thread" daemon [_thread_blocked, id=21048, stack(0x0000007481930000,0x0000007481b20000)]
  0x000001ae0e5bb7a0 JavaThread "Notification Thread" daemon [_thread_blocked, id=10484, stack(0x0000007481b20000,0x0000007481d10000)]
  0x000001ae0e5bd600 JavaThread "Common-Cleaner" daemon [_thread_blocked, id=16256, stack(0x0000007481f00000,0x00000074820f0000)]
  0x000001ae0e5bdb10 JavaThread "Thread-0" daemon [_thread_blocked, id=16012, stack(0x00000074820f0000,0x00000074822e0000)]

Other Threads:
=>0x000001ae0c453b00 VMThread "VM Thread" [stack: 0x00000074807c0000,0x00000074809b0000] [id=25896]
  0x000001ae0e3bc4b0 WatcherThread [stack: 0x0000007481d10000,0x0000007481f00000] [id=25844]
  0x000001ae0e3af310 GCTaskThread "GC Thread#0" [stack: 0x00000074ffd50000,0x00000074fff40000] [id=24924]
  0x000001ae0e3ae290 GCTaskThread "GC Thread#1" [stack: 0x00000074822e0000,0x00000074824d0000] [id=18788]
  0x000001ae0e3aead0 GCTaskThread "GC Thread#2" [stack: 0x00000074824d0000,0x00000074826c0000] [id=25144]
  0x000001ae0e3ac190 GCTaskThread "GC Thread#3" [stack: 0x00000074826c0000,0x00000074828b0000] [id=20832]
  0x000001ae0e3ac450 GCTaskThread "GC Thread#4" [stack: 0x00000074828b0000,0x0000007482aa0000] [id=17784]
  0x000001ae0e3af890 GCTaskThread "GC Thread#5" [stack: 0x0000007482aa0000,0x0000007482c90000] [id=26556]
  0x000001ae0e3ad4d0 GCTaskThread "GC Thread#6" [stack: 0x0000007482c90000,0x0000007482e80000] [id=14132]
  0x000001ae0e3afb50 GCTaskThread "GC Thread#7" [stack: 0x0000007482e80000,0x0000007483070000] [id=4292]
  0x000001ae0e029140 ConcurrentGCThread "G1 Main Marker" [stack: 0x0000007480000000,0x00000074801f0000] [id=13188]
  0x000001ae0e3afe10 ConcurrentGCThread "G1 Conc#0" [stack: 0x00000074801f0000,0x00000074803e0000] [id=23344]
  0x000001ae0c202780 ConcurrentGCThread "G1 Refine#0" [stack: 0x00000074803e0000,0x00000074805d0000] [id=24656]
  0x000001ae0ea06c70 ConcurrentGCThread "G1 Refine#1" [stack: 0x0000007483070000,0x0000007483260000] [id=1304]
  0x000001ae0ea05200 ConcurrentGCThread "G1 Refine#2" [stack: 0x0000007483260000,0x0000007483450000] [id=15808]
  0x000001ae0ea05dc0 ConcurrentGCThread "G1 Refine#3" [stack: 0x0000007483450000,0x0000007483640000] [id=13504]
  0x000001ae0ea07540 ConcurrentGCThread "G1 Refine#4" [stack: 0x0000007483640000,0x0000007483830000] [id=6172]
  0x000001ae0ea08100 ConcurrentGCThread "G1 Refine#5" [stack: 0x0000007483830000,0x0000007483a20000] [id=25168]
  0x000001ae0ea06f60 ConcurrentGCThread "G1 Refine#6" [stack: 0x0000007483a20000,0x0000007483c10000] [id=21696]
  0x000001ae7f3eb7b0 ConcurrentGCThread "G1 Service" [stack: 0x00000074805d0000,0x00000074807c0000] [id=3968]

Threads with active compile tasks:

VM state: at safepoint (normal execution)

VM Mutex/Monitor currently owned by a thread:  ([mutex/lock_event])
[0x000001ae0e30b470] Threads_lock - owner thread: 0x000001ae0c453b00
[0x000001ae0e30bb30] Heap_lock - owner thread: 0x000001ae0c094fb0

Heap address: 0x0000000600000000, size: 8192 MB, Compressed Oops mode: Zero based, Oop shift amount: 3

CDS archive(s) mapped at: [0x000001ae80000000-0x000001ae80bd0000-0x000001ae80bd0000), size 12386304, SharedBaseAddress: 0x000001ae80000000, ArchiveRelocationMode: 1.
Compressed class space mapped at: 0x000001ae81000000-0x000001aec1000000, reserved size: 1073741824
Narrow klass base: 0x000001ae80000000, Narrow klass shift: 0, Narrow klass range: 0x100000000

GC Precious Log:
 CPUs: 8 total, 8 available
 Memory: 8089M
 Large Page Support: Disabled
 NUMA Support: Disabled
 Compressed Oops: Enabled (Zero based)
 Heap Region Size: 4M
 Heap Min Capacity: 512M
 Heap Initial Capacity: 512M
 Heap Max Capacity: 8G
 Pre-touch: Disabled
 Parallel Workers: 8
 Concurrent Workers: 2
 Concurrent Refinement Workers: 8
 Periodic GC: Disabled

Heap:
 garbage-first heap   total 524288K, used 276887K [0x0000000600000000, 0x0000000800000000)
  region size 4096K, 1 young (4096K), 1 survivors (4096K)
 Metaspace       used 2024K, committed 2176K, reserved 1114112K
  class space    used 196K, committed 256K, reserved 1048576K

Heap Regions: E=young(eden), S=young(survivor), O=old, HS=humongous(starts), HC=humongous(continues), CS=collection set, F=free, OA=open archive, CA=closed archive, TAMS=top-at-mark-start (previous, next)
|   0|0x0000000600000000, 0x0000000600400000, 0x0000000600400000|100%|HS|  |TAMS 0x0000000600000000, 0x0000000600400000| Complete 
|   1|0x0000000600400000, 0x0000000600800000, 0x0000000600800000|100%|HC|  |TAMS 0x0000000600400000, 0x0000000600800000| Complete 
|   2|0x0000000600800000, 0x0000000600c00000, 0x0000000600c00000|100%|HC|  |TAMS 0x0000000600800000, 0x0000000600c00000| Complete 
|   3|0x0000000600c00000, 0x0000000601000000, 0x0000000601000000|100%|HC|  |TAMS 0x0000000600c00000, 0x0000000601000000| Complete 
|   4|0x0000000601000000, 0x0000000601400000, 0x0000000601400000|100%|HC|  |TAMS 0x0000000601000000, 0x0000000601400000| Complete 
|   5|0x0000000601400000, 0x0000000601800000, 0x0000000601800000|100%| O|  |TAMS 0x0000000601400000, 0x0000000601800000| Untracked 
|   6|0x0000000601800000, 0x0000000601c00000, 0x0000000601c00000|100%| O|  |TAMS 0x0000000601800000, 0x0000000601c00000| Untracked 
|   7|0x0000000601c00000, 0x0000000602000000, 0x0000000602000000|100%| O|  |TAMS 0x0000000601c00000, 0x0000000602000000| Untracked 
|   8|0x0000000602000000, 0x0000000602400000, 0x0000000602400000|100%| O|  |TAMS 0x0000000602000000, 0x0000000602400000| Untracked 
|   9|0x0000000602400000, 0x0000000602800000, 0x0000000602800000|100%| O|  |TAMS 0x0000000602400000, 0x0000000602800000| Untracked 
|  10|0x0000000602800000, 0x0000000602c00000, 0x0000000602c00000|100%|HS|  |TAMS 0x0000000602800000, 0x0000000602c00000| Complete 
|  11|0x0000000602c00000, 0x0000000603000000, 0x0000000603000000|100%|HC|  |TAMS 0x0000000602c00000, 0x0000000603000000| Complete 
|  12|0x0000000603000000, 0x0000000603400000, 0x0000000603400000|100%|HS|  |TAMS 0x0000000603000000, 0x0000000603400000| Complete 
|  13|0x0000000603400000, 0x0000000603800000, 0x0000000603800000|100%|HC|  |TAMS 0x0000000603400000, 0x0000000603800000| Complete 
|  14|0x0000000603800000, 0x0000000603c00000, 0x0000000603c00000|100%|HS|  |TAMS 0x0000000603800000, 0x0000000603c00000| Complete 
|  15|0x0000000603c00000, 0x0000000604000000, 0x0000000604000000|100%|HC|  |TAMS 0x0000000603c00000, 0x0000000604000000| Complete 
|  16|0x0000000604000000, 0x0000000604400000, 0x0000000604400000|100%| O|  |TAMS 0x0000000604000000, 0x0000000604400000| Untracked 
|  17|0x0000000604400000, 0x0000000604800000, 0x0000000604800000|100%| O|  |TAMS 0x0000000604400000, 0x0000000604800000| Untracked 
|  18|0x0000000604800000, 0x0000000604c00000, 0x0000000604c00000|100%| O|  |TAMS 0x0000000604800000, 0x0000000604c00000| Untracked 
|  19|0x0000000604c00000, 0x0000000605000000, 0x0000000605000000|100%| O|  |TAMS 0x0000000604c00000, 0x0000000605000000| Untracked 
|  20|0x0000000605000000, 0x0000000605400000, 0x0000000605400000|100%| O|  |TAMS 0x0000000605000000, 0x0000000605400000| Untracked 
|  21|0x0000000605400000, 0x0000000605800000, 0x0000000605800000|100%|HS|  |TAMS 0x0000000605400000, 0x0000000605800000| Complete 
|  22|0x0000000605800000, 0x0000000605c00000, 0x0000000605c00000|100%|HC|  |TAMS 0x0000000605800000, 0x0000000605c00000| Complete 
|  23|0x0000000605c00000, 0x0000000606000000, 0x0000000606000000|100%|HC|  |TAMS 0x0000000605c00000, 0x0000000606000000| Complete 
|  24|0x0000000606000000, 0x0000000606400000, 0x0000000606400000|100%|HC|  |TAMS 0x0000000606000000, 0x0000000606400000| Complete 
|  25|0x0000000606400000, 0x0000000606800000, 0x0000000606800000|100%|HC|  |TAMS 0x0000000606400000, 0x0000000606800000| Complete 
|  26|0x0000000606800000, 0x0000000606c00000, 0x0000000606c00000|100%|HC|  |TAMS 0x0000000606800000, 0x0000000606c00000| Complete 
|  27|0x0000000606c00000, 0x0000000606e65600, 0x0000000607000000| 59%| O|  |TAMS 0x0000000606c00000, 0x0000000606e65600| Untracked 
|  28|0x0000000607000000, 0x0000000607000000, 0x0000000607400000|  0%| F|  |TAMS 0x0000000607000000, 0x0000000607000000| Untracked 
|  29|0x0000000607400000, 0x0000000607400000, 0x0000000607800000|  0%| F|  |TAMS 0x0000000607400000, 0x0000000607400000| Untracked 
|  30|0x0000000607800000, 0x0000000607800000, 0x0000000607c00000|  0%| F|  |TAMS 0x0000000607800000, 0x0000000607800000| Untracked 
|  31|0x0000000607c00000, 0x0000000607c00000, 0x0000000608000000|  0%| F|  |TAMS 0x0000000607c00000, 0x0000000607c00000| Untracked 
|  32|0x0000000608000000, 0x0000000608000000, 0x0000000608400000|  0%| F|  |TAMS 0x0000000608000000, 0x0000000608000000| Untracked 
|  33|0x0000000608400000, 0x0000000608400000, 0x0000000608800000|  0%| F|  |TAMS 0x0000000608400000, 0x0000000608400000| Untracked 
|  34|0x0000000608800000, 0x0000000608c00000, 0x0000000608c00000|100%|HS|  |TAMS 0x0000000608800000, 0x0000000608c00000| Complete 
|  35|0x0000000608c00000, 0x0000000609000000, 0x0000000609000000|100%|HC|  |TAMS 0x0000000608c00000, 0x0000000609000000| Complete 
|  36|0x0000000609000000, 0x0000000609400000, 0x0000000609400000|100%|HC|  |TAMS 0x0000000609000000, 0x0000000609400000| Complete 
|  37|0x0000000609400000, 0x0000000609800000, 0x0000000609800000|100%|HC|  |TAMS 0x0000000609400000, 0x0000000609800000| Complete 
|  38|0x0000000609800000, 0x0000000609c00000, 0x0000000609c00000|100%|HC|  |TAMS 0x0000000609800000, 0x0000000609c00000| Complete 
|  39|0x0000000609c00000, 0x000000060a000000, 0x000000060a000000|100%|HC|  |TAMS 0x0000000609c00000, 0x000000060a000000| Complete 
|  40|0x000000060a000000, 0x000000060a400000, 0x000000060a400000|100%|HC|  |TAMS 0x000000060a000000, 0x000000060a400000| Complete 
|  41|0x000000060a400000, 0x000000060a800000, 0x000000060a800000|100%|HC|  |TAMS 0x000000060a400000, 0x000000060a800000| Complete 
|  42|0x000000060a800000, 0x000000060ac00000, 0x000000060ac00000|100%|HC|  |TAMS 0x000000060a800000, 0x000000060ac00000| Complete 
|  43|0x000000060ac00000, 0x000000060b000000, 0x000000060b000000|100%|HC|  |TAMS 0x000000060ac00000, 0x000000060b000000| Complete 
|  44|0x000000060b000000, 0x000000060b400000, 0x000000060b400000|100%|HC|  |TAMS 0x000000060b000000, 0x000000060b400000| Complete 
|  45|0x000000060b400000, 0x000000060b800000, 0x000000060b800000|100%|HC|  |TAMS 0x000000060b400000, 0x000000060b800000| Complete 
|  46|0x000000060b800000, 0x000000060bc00000, 0x000000060bc00000|100%|HC|  |TAMS 0x000000060b800000, 0x000000060bc00000| Complete 
|  47|0x000000060bc00000, 0x000000060c000000, 0x000000060c000000|100%|HC|  |TAMS 0x000000060bc00000, 0x000000060c000000| Complete 
|  48|0x000000060c000000, 0x000000060c400000, 0x000000060c400000|100%|HC|  |TAMS 0x000000060c000000, 0x000000060c400000| Complete 
|  49|0x000000060c400000, 0x000000060c800000, 0x000000060c800000|100%|HC|  |TAMS 0x000000060c400000, 0x000000060c800000| Complete 
|  50|0x000000060c800000, 0x000000060cc00000, 0x000000060cc00000|100%|HC|  |TAMS 0x000000060c800000, 0x000000060cc00000| Complete 
|  51|0x000000060cc00000, 0x000000060d000000, 0x000000060d000000|100%|HC|  |TAMS 0x000000060cc00000, 0x000000060d000000| Complete 
|  52|0x000000060d000000, 0x000000060d400000, 0x000000060d400000|100%| O|  |TAMS 0x000000060d000000, 0x000000060d400000| Untracked 
|  53|0x000000060d400000, 0x000000060d800000, 0x000000060d800000|100%| O|  |TAMS 0x000000060d400000, 0x000000060d800000| Untracked 
|  54|0x000000060d800000, 0x000000060dc00000, 0x000000060dc00000|100%| O|  |TAMS 0x000000060d800000, 0x000000060dc00000| Untracked 
|  55|0x000000060dc00000, 0x000000060e000000, 0x000000060e000000|100%| O|  |TAMS 0x000000060dc00000, 0x000000060e000000| Untracked 
|  56|0x000000060e000000, 0x000000060e400000, 0x000000060e400000|100%|HS|  |TAMS 0x000000060e000000, 0x000000060e000000| Complete 
|  57|0x000000060e400000, 0x000000060e800000, 0x000000060e800000|100%|HC|  |TAMS 0x000000060e400000, 0x000000060e400000| Complete 
|  58|0x000000060e800000, 0x000000060ec00000, 0x000000060ec00000|100%|HC|  |TAMS 0x000000060e800000, 0x000000060e800000| Complete 
|  59|0x000000060ec00000, 0x000000060f000000, 0x000000060f000000|100%|HC|  |TAMS 0x000000060ec00000, 0x000000060ec00000| Complete 
|  60|0x000000060f000000, 0x000000060f400000, 0x000000060f400000|100%|HC|  |TAMS 0x000000060f000000, 0x000000060f000000| Complete 
|  61|0x000000060f400000, 0x000000060f800000, 0x000000060f800000|100%|HC|  |TAMS 0x000000060f400000, 0x000000060f400000| Complete 
|  62|0x000000060f800000, 0x000000060fc00000, 0x000000060fc00000|100%|HC|  |TAMS 0x000000060f800000, 0x000000060f800000| Complete 
|  63|0x000000060fc00000, 0x0000000610000000, 0x0000000610000000|100%|HC|  |TAMS 0x000000060fc00000, 0x000000060fc00000| Complete 
|  64|0x0000000610000000, 0x0000000610400000, 0x0000000610400000|100%|HC|  |TAMS 0x0000000610000000, 0x0000000610000000| Complete 
|  65|0x0000000610400000, 0x0000000610800000, 0x0000000610800000|100%|HC|  |TAMS 0x0000000610400000, 0x0000000610400000| Complete 
|  66|0x0000000610800000, 0x0000000610c00000, 0x0000000610c00000|100%|HC|  |TAMS 0x0000000610800000, 0x0000000610800000| Complete 
|  67|0x0000000610c00000, 0x0000000611000000, 0x0000000611000000|100%|HC|  |TAMS 0x0000000610c00000, 0x0000000610c00000| Complete 
|  68|0x0000000611000000, 0x0000000611400000, 0x0000000611400000|100%|HC|  |TAMS 0x0000000611000000, 0x0000000611000000| Complete 
|  69|0x0000000611400000, 0x0000000611800000, 0x0000000611800000|100%|HC|  |TAMS 0x0000000611400000, 0x0000000611400000| Complete 
|  70|0x0000000611800000, 0x0000000611c00000, 0x0000000611c00000|100%|HC|  |TAMS 0x0000000611800000, 0x0000000611800000| Complete 
|  71|0x0000000611c00000, 0x0000000612000000, 0x0000000612000000|100%|HC|  |TAMS 0x0000000611c00000, 0x0000000611c00000| Complete 
|  72|0x0000000612000000, 0x0000000612400000, 0x0000000612400000|100%|HC|  |TAMS 0x0000000612000000, 0x0000000612000000| Complete 
|  73|0x0000000612400000, 0x0000000612800000, 0x0000000612800000|100%|HC|  |TAMS 0x0000000612400000, 0x0000000612400000| Complete 
|  74|0x0000000612800000, 0x0000000612800000, 0x0000000612c00000|  0%| F|  |TAMS 0x0000000612800000, 0x0000000612800000| Untracked 
|  75|0x0000000612c00000, 0x0000000612c00000, 0x0000000613000000|  0%| F|  |TAMS 0x0000000612c00000, 0x0000000612c00000| Untracked 
|  76|0x0000000613000000, 0x0000000613000000, 0x0000000613400000|  0%| F|  |TAMS 0x0000000613000000, 0x0000000613000000| Untracked 
|  77|0x0000000613400000, 0x0000000613400000, 0x0000000613800000|  0%| F|  |TAMS 0x0000000613400000, 0x0000000613400000| Untracked 
|  78|0x0000000613800000, 0x0000000613800000, 0x0000000613c00000|  0%| F|  |TAMS 0x0000000613800000, 0x0000000613800000| Untracked 
|  79|0x0000000613c00000, 0x0000000613c00000, 0x0000000614000000|  0%| F|  |TAMS 0x0000000613c00000, 0x0000000613c00000| Untracked 
|  80|0x0000000614000000, 0x0000000614000000, 0x0000000614400000|  0%| F|  |TAMS 0x0000000614000000, 0x0000000614000000| Untracked 
|  81|0x0000000614400000, 0x0000000614400000, 0x0000000614800000|  0%| F|  |TAMS 0x0000000614400000, 0x0000000614400000| Untracked 
|  82|0x0000000614800000, 0x0000000614800000, 0x0000000614c00000|  0%| F|  |TAMS 0x0000000614800000, 0x0000000614800000| Untracked 
|  83|0x0000000614c00000, 0x0000000614c00000, 0x0000000615000000|  0%| F|  |TAMS 0x0000000614c00000, 0x0000000614c00000| Untracked 
|  84|0x0000000615000000, 0x0000000615000000, 0x0000000615400000|  0%| F|  |TAMS 0x0000000615000000, 0x0000000615000000| Untracked 
|  85|0x0000000615400000, 0x0000000615400000, 0x0000000615800000|  0%| F|  |TAMS 0x0000000615400000, 0x0000000615400000| Untracked 
|  86|0x0000000615800000, 0x0000000615800000, 0x0000000615c00000|  0%| F|  |TAMS 0x0000000615800000, 0x0000000615800000| Untracked 
|  87|0x0000000615c00000, 0x0000000615c00000, 0x0000000616000000|  0%| F|  |TAMS 0x0000000615c00000, 0x0000000615c00000| Untracked 
|  88|0x0000000616000000, 0x0000000616000000, 0x0000000616400000|  0%| F|  |TAMS 0x0000000616000000, 0x0000000616000000| Untracked 
|  89|0x0000000616400000, 0x0000000616400000, 0x0000000616800000|  0%| F|  |TAMS 0x0000000616400000, 0x0000000616400000| Untracked 
|  90|0x0000000616800000, 0x0000000616800000, 0x0000000616c00000|  0%| F|  |TAMS 0x0000000616800000, 0x0000000616800000| Untracked 
|  91|0x0000000616c00000, 0x0000000616c00000, 0x0000000617000000|  0%| F|  |TAMS 0x0000000616c00000, 0x0000000616c00000| Untracked 
|  92|0x0000000617000000, 0x0000000617000000, 0x0000000617400000|  0%| F|  |TAMS 0x0000000617000000, 0x0000000617000000| Untracked 
|  93|0x0000000617400000, 0x0000000617400000, 0x0000000617800000|  0%| F|  |TAMS 0x0000000617400000, 0x0000000617400000| Untracked 
|  94|0x0000000617800000, 0x0000000617800000, 0x0000000617c00000|  0%| F|  |TAMS 0x0000000617800000, 0x0000000617800000| Untracked 
|  95|0x0000000617c00000, 0x0000000617c00000, 0x0000000618000000|  0%| F|  |TAMS 0x0000000617c00000, 0x0000000617c00000| Untracked 
|  96|0x0000000618000000, 0x0000000618000000, 0x0000000618400000|  0%| F|  |TAMS 0x0000000618000000, 0x0000000618000000| Untracked 
|  97|0x0000000618400000, 0x0000000618400000, 0x0000000618800000|  0%| F|  |TAMS 0x0000000618400000, 0x0000000618400000| Untracked 
|  98|0x0000000618800000, 0x0000000618800000, 0x0000000618c00000|  0%| F|  |TAMS 0x0000000618800000, 0x0000000618800000| Untracked 
|  99|0x0000000618c00000, 0x0000000618c00000, 0x0000000619000000|  0%| F|  |TAMS 0x0000000618c00000, 0x0000000618c00000| Untracked 
| 100|0x0000000619000000, 0x0000000619000000, 0x0000000619400000|  0%| F|  |TAMS 0x0000000619000000, 0x0000000619000000| Untracked 
| 101|0x0000000619400000, 0x0000000619400000, 0x0000000619800000|  0%| F|  |TAMS 0x0000000619400000, 0x0000000619400000| Untracked 
| 102|0x0000000619800000, 0x0000000619800000, 0x0000000619c00000|  0%| F|  |TAMS 0x0000000619800000, 0x0000000619800000| Untracked 
| 103|0x0000000619c00000, 0x0000000619c00000, 0x000000061a000000|  0%| F|  |TAMS 0x0000000619c00000, 0x0000000619c00000| Untracked 
| 104|0x000000061a000000, 0x000000061a000000, 0x000000061a400000|  0%| F|  |TAMS 0x000000061a000000, 0x000000061a000000| Untracked 
| 105|0x000000061a400000, 0x000000061a400000, 0x000000061a800000|  0%| F|  |TAMS 0x000000061a400000, 0x000000061a400000| Untracked 
| 106|0x000000061a800000, 0x000000061a800000, 0x000000061ac00000|  0%| F|  |TAMS 0x000000061a800000, 0x000000061a800000| Untracked 
| 107|0x000000061ac00000, 0x000000061ac00000, 0x000000061b000000|  0%| F|  |TAMS 0x000000061ac00000, 0x000000061ac00000| Untracked 
| 108|0x000000061b000000, 0x000000061b000000, 0x000000061b400000|  0%| F|  |TAMS 0x000000061b000000, 0x000000061b000000| Untracked 
| 109|0x000000061b400000, 0x000000061b400000, 0x000000061b800000|  0%| F|  |TAMS 0x000000061b400000, 0x000000061b400000| Untracked 
| 110|0x000000061b800000, 0x000000061b800000, 0x000000061bc00000|  0%| F|  |TAMS 0x000000061b800000, 0x000000061b800000| Untracked 
| 111|0x000000061bc00000, 0x000000061bc00000, 0x000000061c000000|  0%| F|  |TAMS 0x000000061bc00000, 0x000000061bc00000| Untracked 
| 112|0x000000061c000000, 0x000000061c000000, 0x000000061c400000|  0%| F|  |TAMS 0x000000061c000000, 0x000000061c000000| Untracked 
| 113|0x000000061c400000, 0x000000061c400000, 0x000000061c800000|  0%| F|  |TAMS 0x000000061c400000, 0x000000061c400000| Untracked 
| 114|0x000000061c800000, 0x000000061c800000, 0x000000061cc00000|  0%| F|  |TAMS 0x000000061c800000, 0x000000061c800000| Untracked 
| 115|0x000000061cc00000, 0x000000061cc00000, 0x000000061d000000|  0%| F|  |TAMS 0x000000061cc00000, 0x000000061cc00000| Untracked 
| 116|0x000000061d000000, 0x000000061d000000, 0x000000061d400000|  0%| F|  |TAMS 0x000000061d000000, 0x000000061d000000| Untracked 
| 117|0x000000061d400000, 0x000000061d400000, 0x000000061d800000|  0%| F|  |TAMS 0x000000061d400000, 0x000000061d400000| Untracked 
| 118|0x000000061d800000, 0x000000061d800000, 0x000000061dc00000|  0%| F|  |TAMS 0x000000061d800000, 0x000000061d800000| Untracked 
| 119|0x000000061dc00000, 0x000000061dc00000, 0x000000061e000000|  0%| F|  |TAMS 0x000000061dc00000, 0x000000061dc00000| Untracked 
| 120|0x000000061e000000, 0x000000061e000000, 0x000000061e400000|  0%| F|  |TAMS 0x000000061e000000, 0x000000061e000000| Untracked 
| 121|0x000000061e400000, 0x000000061e400810, 0x000000061e800000|  0%| S|CS|TAMS 0x000000061e400000, 0x000000061e400000| Complete 
| 122|0x000000061e800000, 0x000000061e800000, 0x000000061ec00000|  0%| F|  |TAMS 0x000000061e800000, 0x000000061e800000| Untracked 
| 123|0x000000061ec00000, 0x000000061ec00000, 0x000000061f000000|  0%| F|  |TAMS 0x000000061ec00000, 0x000000061ec00000| Untracked 
| 124|0x000000061f000000, 0x000000061f000000, 0x000000061f400000|  0%| F|  |TAMS 0x000000061f000000, 0x000000061f000000| Untracked 
| 125|0x000000061f400000, 0x000000061f400000, 0x000000061f800000|  0%| F|  |TAMS 0x000000061f400000, 0x000000061f400000| Untracked 
| 126|0x000000061f800000, 0x000000061f800000, 0x000000061fc00000|  0%| F|  |TAMS 0x000000061f800000, 0x000000061f800000| Untracked 
| 127|0x000000061fc00000, 0x000000061fc00000, 0x0000000620000000|  0%| F|  |TAMS 0x000000061fc00000, 0x000000061fc00000| Untracked 

Card table byte_map: [0x000001ae29f70000,0x000001ae2af70000] _byte_map_base: 0x000001ae26f70000

Marking Bits (Prev, Next): (CMBitMap*) 0x000001ae0e3b0160, (CMBitMap*) 0x000001ae0e3b01a0
 Prev Bits: [0x000001ae2bf70000, 0x000001ae33f70000)
 Next Bits: [0x000001ae33f70000, 0x000001ae3bf70000)

Polling page: 0x000001ae194e0000

Metaspace:

Usage:
  Non-class:      1.79 MB used.
      Class:    196.47 KB used.
       Both:      1.98 MB used.

Virtual space:
  Non-class space:       64.00 MB reserved,       1.88 MB (  3%) committed,  1 nodes.
      Class space:        1.00 GB reserved,     256.00 KB ( <1%) committed,  1 nodes.
             Both:        1.06 GB reserved,       2.12 MB ( <1%) committed. 

Chunk freelists:
   Non-Class:  11.36 MB
       Class:  15.67 MB
        Both:  27.03 MB

MaxMetaspaceSize: unlimited
CompressedClassSpaceSize: 1.00 GB
Initial GC threshold: 21.00 MB
Current GC threshold: 21.00 MB
CDS: on
MetaspaceReclaimPolicy: balanced
 - commit_granule_bytes: 65536.
 - commit_granule_words: 8192.
 - virtual_space_node_default_size: 8388608.
 - enlarge_chunks_in_place: 1.
 - new_chunks_are_fully_committed: 0.
 - uncommit_free_chunks: 1.
 - use_allocation_guard: 0.
 - handle_deallocations: 1.


Internal statistics:

num_allocs_failed_limit: 0.
num_arena_births: 14.
num_arena_deaths: 0.
num_vsnodes_births: 2.
num_vsnodes_deaths: 0.
num_space_committed: 34.
num_space_uncommitted: 0.
num_chunks_returned_to_freelist: 0.
num_chunks_taken_from_freelist: 49.
num_chunk_merges: 0.
num_chunk_splits: 34.
num_chunks_enlarged: 26.
num_inconsistent_stats: 0.

CodeHeap 'non-profiled nmethods': size=120000Kb used=194Kb max_used=194Kb free=119805Kb
 bounds [0x000001ae20fd0000, 0x000001ae21240000, 0x000001ae28500000]
CodeHeap 'profiled nmethods': size=120000Kb used=687Kb max_used=687Kb free=119312Kb
 bounds [0x000001ae19500000, 0x000001ae19770000, 0x000001ae20a30000]
CodeHeap 'non-nmethods': size=5760Kb used=1120Kb max_used=1160Kb free=4639Kb
 bounds [0x000001ae20a30000, 0x000001ae20ca0000, 0x000001ae20fd0000]
 total_blobs=886 nmethods=485 adapters=314
 compilation: enabled
              stopped_count=0, restarted_count=0
 full_count=0

Compilation events (20 events):
Event: 6.622 Thread 0x000001ae0c42d850  476       3       java.nio.channels.spi.AbstractInterruptibleChannel::blockedOn (10 bytes)
Event: 6.622 Thread 0x000001ae0c42d850 nmethod 476 0x000001ae195a9290 code [0x000001ae195a9440, 0x000001ae195a9688]
Event: 6.622 Thread 0x000001ae0c42d850  477       3       java.lang.System$2::blockedOn (5 bytes)
Event: 6.622 Thread 0x000001ae0c42d850 nmethod 477 0x000001ae195a9810 code [0x000001ae195a99a0, 0x000001ae195a9ae8]
Event: 6.622 Thread 0x000001ae0c42d850  478   !   3       java.lang.Thread::blockedOn (27 bytes)
Event: 6.622 Thread 0x000001ae0c42d850 nmethod 478 0x000001ae195a9b90 code [0x000001ae195a9d40, 0x000001ae195a9f98]
Event: 6.835 Thread 0x000001ae0c42c310  479 %     4       com.hankcs.hanlp.collection.trie.datrie.IntArrayList::load @ 26 (76 bytes)
Event: 6.852 Thread 0x000001ae0c42c310 nmethod 479% 0x000001ae20ffe010 code [0x000001ae20ffe240, 0x000001ae20ffec10]
Event: 6.852 Thread 0x000001ae0c42c310  480       4       com.hankcs.hanlp.collection.trie.datrie.IntArrayList::load (76 bytes)
Event: 6.873 Thread 0x000001ae0c42c310 nmethod 480 0x000001ae20fff490 code [0x000001ae20fff6e0, 0x000001ae21000240]
Event: 6.898 Thread 0x000001ae0c42d850  481       3       sun.nio.ch.FileChannelImpl::ensureOpen (16 bytes)
Event: 6.899 Thread 0x000001ae0c42d850 nmethod 481 0x000001ae195aa090 code [0x000001ae195aa240, 0x000001ae195aa4c8]
Event: 6.899 Thread 0x000001ae0c42d850  482       3       sun.nio.ch.FileChannelImpl::beginBlocking (12 bytes)
Event: 6.899 Thread 0x000001ae0c42d850 nmethod 482 0x000001ae195aa610 code [0x000001ae195aa7c0, 0x000001ae195aa928]
Event: 6.900 Thread 0x000001ae0c42d850  483   !   3       sun.nio.ch.NativeThreadSet::remove (50 bytes)
Event: 6.900 Thread 0x000001ae0c42d850 nmethod 483 0x000001ae195aaa10 code [0x000001ae195aabc0, 0x000001ae195aaea8]
Event: 6.900 Thread 0x000001ae0c42d850  484       3       sun.nio.ch.FileChannelImpl::endBlocking (13 bytes)
Event: 6.900 Thread 0x000001ae0c42d850 nmethod 484 0x000001ae195ab010 code [0x000001ae195ab1c0, 0x000001ae195ab328]
Event: 6.900 Thread 0x000001ae0c42d850  485       3       java.nio.channels.spi.AbstractInterruptibleChannel::end (53 bytes)
Event: 6.901 Thread 0x000001ae0c42d850 nmethod 485 0x000001ae195ab410 code [0x000001ae195ab600, 0x000001ae195abb28]

GC Heap History (15 events):
Event: 0.302 GC heap before
{Heap before GC invocations=0 (full 0):
 garbage-first heap   total 524288K, used 45056K [0x0000000600000000, 0x0000000800000000)
  region size 4096K, 6 young (24576K), 0 survivors (0K)
 Metaspace       used 1575K, committed 1728K, reserved 1114112K
  class space    used 148K, committed 192K, reserved 1048576K
}
Event: 0.319 GC heap after
{Heap after GC invocations=1 (full 0):
 garbage-first heap   total 524288K, used 42191K [0x0000000600000000, 0x0000000800000000)
  region size 4096K, 1 young (4096K), 1 survivors (4096K)
 Metaspace       used 1575K, committed 1728K, reserved 1114112K
  class space    used 148K, committed 192K, reserved 1048576K
}
Event: 5.774 GC heap before
{Heap before GC invocations=1 (full 0):
 garbage-first heap   total 524288K, used 87247K [0x0000000600000000, 0x0000000800000000)
  region size 4096K, 6 young (24576K), 1 survivors (4096K)
 Metaspace       used 1633K, committed 1792K, reserved 1114112K
  class space    used 155K, committed 192K, reserved 1048576K
}
Event: 5.789 GC heap after
{Heap after GC invocations=2 (full 0):
 garbage-first heap   total 524288K, used 88641K [0x0000000600000000, 0x0000000800000000)
  region size 4096K, 1 young (4096K), 1 survivors (4096K)
 Metaspace       used 1633K, committed 1792K, reserved 1114112K
  class space    used 155K, committed 192K, reserved 1048576K
}
Event: 6.154 GC heap before
{Heap before GC invocations=2 (full 0):
 garbage-first heap   total 524288K, used 232001K [0x0000000600000000, 0x0000000800000000)
  region size 4096K, 6 young (24576K), 1 survivors (4096K)
 Metaspace       used 2016K, committed 2176K, reserved 1114112K
  class space    used 196K, committed 256K, reserved 1048576K
}
Event: 6.172 GC heap after
{Heap after GC invocations=3 (full 0):
 garbage-first heap   total 524288K, used 202302K [0x0000000600000000, 0x0000000800000000)
  region size 4096K, 1 young (4096K), 1 survivors (4096K)
 Metaspace       used 2016K, committed 2176K, reserved 1114112K
  class space    used 196K, committed 256K, reserved 1048576K
}
Event: 6.223 GC heap before
{Heap before GC invocations=3 (full 0):
 garbage-first heap   total 524288K, used 218686K [0x0000000600000000, 0x0000000800000000)
  region size 4096K, 6 young (24576K), 1 survivors (4096K)
 Metaspace       used 2018K, committed 2176K, reserved 1114112K
  class space    used 196K, committed 256K, reserved 1048576K
}
Event: 6.227 GC heap after
{Heap after GC invocations=4 (full 0):
 garbage-first heap   total 524288K, used 203186K [0x0000000600000000, 0x0000000800000000)
  region size 4096K, 1 young (4096K), 1 survivors (4096K)
 Metaspace       used 2018K, committed 2176K, reserved 1114112K
  class space    used 196K, committed 256K, reserved 1048576K
}
Event: 6.573 GC heap before
{Heap before GC invocations=4 (full 0):
 garbage-first heap   total 524288K, used 244146K [0x0000000600000000, 0x0000000800000000)
  region size 4096K, 12 young (49152K), 1 survivors (4096K)
 Metaspace       used 2019K, committed 2176K, reserved 1114112K
  class space    used 196K, committed 256K, reserved 1048576K
}
Event: 6.574 GC heap after
{Heap after GC invocations=5 (full 0):
 garbage-first heap   total 524288K, used 203164K [0x0000000600000000, 0x0000000800000000)
  region size 4096K, 1 young (4096K), 1 survivors (4096K)
 Metaspace       used 2019K, committed 2176K, reserved 1114112K
  class space    used 196K, committed 256K, reserved 1048576K
}
Event: 6.649 GC heap before
{Heap before GC invocations=5 (full 0):
 garbage-first heap   total 524288K, used 219548K [0x0000000600000000, 0x0000000800000000)
  region size 4096K, 6 young (24576K), 1 survivors (4096K)
 Metaspace       used 2021K, committed 2176K, reserved 1114112K
  class space    used 196K, committed 256K, reserved 1048576K
}
Event: 6.650 GC heap after
{Heap after GC invocations=6 (full 0):
 garbage-first heap   total 524288K, used 203159K [0x0000000600000000, 0x0000000800000000)
  region size 4096K, 1 young (4096K), 1 survivors (4096K)
 Metaspace       used 2021K, committed 2176K, reserved 1114112K
  class space    used 196K, committed 256K, reserved 1048576K
}
Event: 6.658 GC heap before
{Heap before GC invocations=6 (full 0):
 garbage-first heap   total 524288K, used 203159K [0x0000000600000000, 0x0000000800000000)
  region size 4096K, 2 young (8192K), 1 survivors (4096K)
 Metaspace       used 2021K, committed 2176K, reserved 1114112K
  class space    used 196K, committed 256K, reserved 1048576K
}
Event: 6.660 GC heap after
{Heap after GC invocations=7 (full 0):
 garbage-first heap   total 524288K, used 203157K [0x0000000600000000, 0x0000000800000000)
  region size 4096K, 0 young (0K), 0 survivors (0K)
 Metaspace       used 2021K, committed 2176K, reserved 1114112K
  class space    used 196K, committed 256K, reserved 1048576K
}
Event: 6.981 GC heap before
{Heap before GC invocations=7 (full 0):
 garbage-first heap   total 524288K, used 297365K [0x0000000600000000, 0x0000000800000000)
  region size 4096K, 6 young (24576K), 0 survivors (0K)
 Metaspace       used 2024K, committed 2176K, reserved 1114112K
  class space    used 196K, committed 256K, reserved 1048576K
}

Deoptimization events (20 events):
Event: 6.122 Thread 0x000001ae0c094fb0 DEOPT PACKING pc=0x000001ae20ff9748 sp=0x00000074fe9ed2d0
Event: 6.122 Thread 0x000001ae0c094fb0 DEOPT UNPACKING pc=0x000001ae20a823a3 sp=0x00000074fe9ed1e8 mode 2
Event: 6.133 Thread 0x000001ae0c094fb0 Uncommon trap: trap_request=0xffffff45 fr.pc=0x000001ae20ff9364 relative=0x0000000000000064
Event: 6.133 Thread 0x000001ae0c094fb0 Uncommon trap: reason=unstable_if action=reinterpret pc=0x000001ae20ff9364 method=com.hankcs.hanlp.corpus.io.ByteArrayFileStream.ensureAvailableBytes(I)V @ 10 c2
Event: 6.133 Thread 0x000001ae0c094fb0 DEOPT PACKING pc=0x000001ae20ff9364 sp=0x00000074fe9ed280
Event: 6.133 Thread 0x000001ae0c094fb0 DEOPT UNPACKING pc=0x000001ae20a823a3 sp=0x00000074fe9ed1e8 mode 2
Event: 6.135 Thread 0x000001ae0c094fb0 DEOPT PACKING pc=0x000001ae195a45cd sp=0x00000074fe9ed310
Event: 6.135 Thread 0x000001ae0c094fb0 DEOPT UNPACKING pc=0x000001ae20a82b43 sp=0x00000074fe9ec810 mode 0
Event: 6.135 Thread 0x000001ae0c094fb0 Uncommon trap: trap_request=0xffffff45 fr.pc=0x000001ae20ffa2b8 relative=0x0000000000000818
Event: 6.135 Thread 0x000001ae0c094fb0 Uncommon trap: reason=unstable_if action=reinterpret pc=0x000001ae20ffa2b8 method=com.hankcs.hanlp.corpus.io.ByteArrayFileStream.ensureAvailableBytes(I)V @ 10 c2
Event: 6.135 Thread 0x000001ae0c094fb0 DEOPT PACKING pc=0x000001ae20ffa2b8 sp=0x00000074fe9ed330
Event: 6.135 Thread 0x000001ae0c094fb0 DEOPT UNPACKING pc=0x000001ae20a823a3 sp=0x00000074fe9ed218 mode 2
Event: 6.187 Thread 0x000001ae0c094fb0 DEOPT PACKING pc=0x000001ae195a784d sp=0x00000074fe9ed310
Event: 6.187 Thread 0x000001ae0c094fb0 DEOPT UNPACKING pc=0x000001ae20a82b43 sp=0x00000074fe9ec810 mode 0
Event: 6.658 Thread 0x000001ae0c094fb0 Uncommon trap: trap_request=0xffffff45 fr.pc=0x000001ae20ffc80c relative=0x000000000000046c
Event: 6.658 Thread 0x000001ae0c094fb0 Uncommon trap: reason=unstable_if action=reinterpret pc=0x000001ae20ffc80c method=com.hankcs.hanlp.collection.trie.datrie.IntArrayList.load(Lcom/hankcs/hanlp/corpus/io/ByteArray;)Z @ 31 c2
Event: 6.658 Thread 0x000001ae0c094fb0 DEOPT PACKING pc=0x000001ae20ffc80c sp=0x00000074fe9ed320
Event: 6.658 Thread 0x000001ae0c094fb0 DEOPT UNPACKING pc=0x000001ae20a823a3 sp=0x00000074fe9ed310 mode 2
Event: 6.852 Thread 0x000001ae0c094fb0 DEOPT PACKING pc=0x000001ae195a534a sp=0x00000074fe9ed340
Event: 6.852 Thread 0x000001ae0c094fb0 DEOPT UNPACKING pc=0x000001ae20a82b43 sp=0x00000074fe9ec810 mode 0

Classes unloaded (0 events):
No events

Classes redefined (0 events):
No events

Internal exceptions (1 events):
Event: 0.208 Thread 0x000001ae0c094fb0 Exception <a 'java/lang/NoSuchMethodError'{0x000000061ff72cb8}: 'java.lang.Object java.lang.invoke.DirectMethodHandle$Holder.invokeStaticInit(java.lang.Object)'> (0x000000061ff72cb8) 
thrown [s\open\src\hotspot\share\interpreter\linkResolver.cpp, line 759]

VM Operations (20 events):
Event: 0.237 Executing VM operation: HandshakeAllThreads done
Event: 0.302 Executing VM operation: G1CollectForAllocation
Event: 0.319 Executing VM operation: G1CollectForAllocation done
Event: 5.773 Executing VM operation: G1CollectForAllocation
Event: 5.789 Executing VM operation: G1CollectForAllocation done
Event: 5.974 Executing VM operation: HandshakeAllThreads
Event: 5.974 Executing VM operation: HandshakeAllThreads done
Event: 6.022 Executing VM operation: HandshakeAllThreads
Event: 6.022 Executing VM operation: HandshakeAllThreads done
Event: 6.154 Executing VM operation: G1CollectForAllocation
Event: 6.172 Executing VM operation: G1CollectForAllocation done
Event: 6.223 Executing VM operation: G1CollectForAllocation
Event: 6.227 Executing VM operation: G1CollectForAllocation done
Event: 6.573 Executing VM operation: G1CollectForAllocation
Event: 6.574 Executing VM operation: G1CollectForAllocation done
Event: 6.649 Executing VM operation: G1CollectForAllocation
Event: 6.650 Executing VM operation: G1CollectForAllocation done
Event: 6.658 Executing VM operation: G1TryInitiateConcMark
Event: 6.660 Executing VM operation: G1TryInitiateConcMark done
Event: 6.928 Executing VM operation: G1CollectForAllocation

Events (20 events):
Event: 5.988 loading class java/util/concurrent/LinkedBlockingDeque done
Event: 5.988 loading class java/util/concurrent/locks/AbstractQueuedSynchronizer$ConditionObject
Event: 5.988 loading class java/util/concurrent/locks/Condition
Event: 5.988 loading class java/util/concurrent/locks/Condition done
Event: 5.989 loading class java/util/concurrent/locks/AbstractQueuedSynchronizer$ConditionObject done
Event: 5.989 loading class java/util/concurrent/LinkedBlockingDeque$Node
Event: 5.989 loading class java/util/concurrent/LinkedBlockingDeque$Node done
Event: 5.993 loading class java/lang/NoSuchFieldError
Event: 5.993 loading class java/lang/NoSuchFieldError done
Event: 6.005 loading class java/util/AbstractList$Itr
Event: 6.005 loading class java/util/AbstractList$Itr done
Event: 6.005 loading class java/util/AbstractList$ListItr
Event: 6.006 loading class java/util/AbstractList$ListItr done
Event: 6.006 loading class java/util/AbstractList$RandomAccessSubList
Event: 6.006 loading class java/util/AbstractList$SubList
Event: 6.007 loading class java/util/AbstractList$SubList done
Event: 6.007 loading class java/util/AbstractList$RandomAccessSubList done
Event: 6.007 loading class java/util/ArrayList$ListItr
Event: 6.007 loading class java/util/ArrayList$ListItr done
Event: 6.115 Thread 0x000001ae0c42dda0 Thread exited: 0x000001ae0c42dda0


Dynamic libraries:
0x00007ff77a190000 - 0x00007ff77a1ac000 	D:\anaconda3\envs\papercut\python.exe
0x00007ffc9bb70000 - 0x00007ffc9bd68000 	C:\WINDOWS\SYSTEM32\ntdll.dll
0x00007ffc9b030000 - 0x00007ffc9b0f2000 	C:\WINDOWS\System32\KERNEL32.DLL
0x00007ffc99360000 - 0x00007ffc9965f000 	C:\WINDOWS\System32\KERNELBASE.dll
0x00007ffc9b5d0000 - 0x00007ffc9b67f000 	C:\WINDOWS\System32\ADVAPI32.DLL
0x00007ffc9adc0000 - 0x00007ffc9ae5e000 	C:\WINDOWS\System32\msvcrt.dll
0x00007ffc99ba0000 - 0x00007ffc99c3f000 	C:\WINDOWS\System32\sechost.dll
0x00007ffc99c40000 - 0x00007ffc99d63000 	C:\WINDOWS\System32\RPCRT4.dll
0x00007ffc99660000 - 0x00007ffc99687000 	C:\WINDOWS\System32\bcrypt.dll
0x00007ffc99720000 - 0x00007ffc99820000 	C:\WINDOWS\System32\ucrtbase.dll
0x00007ffc90410000 - 0x00007ffc9042e000 	D:\anaconda3\envs\papercut\VCRUNTIME140.dll
0x00007ffc42e70000 - 0x00007ffc4335a000 	D:\anaconda3\envs\papercut\python38.dll
0x00007ffc9b930000 - 0x00007ffc9b985000 	C:\WINDOWS\System32\SHLWAPI.dll
0x00007ffc9b830000 - 0x00007ffc9b89b000 	C:\WINDOWS\System32\WS2_32.dll
0x00007ffc91d30000 - 0x00007ffc91d3a000 	C:\WINDOWS\SYSTEM32\VERSION.dll
0x00007ffc903f0000 - 0x00007ffc9040a000 	D:\anaconda3\envs\papercut\zlib.dll
0x00007ffc98ad0000 - 0x00007ffc98ae8000 	C:\WINDOWS\SYSTEM32\CRYPTSP.dll
0x00007ffc981b0000 - 0x00007ffc981e4000 	C:\WINDOWS\system32\rsaenh.dll
0x00007ffc98a00000 - 0x00007ffc98a0c000 	C:\WINDOWS\SYSTEM32\CRYPTBASE.dll
0x00007ffc99690000 - 0x00007ffc99712000 	C:\WINDOWS\System32\bcryptPrimitives.dll
0x00007ffc91e30000 - 0x00007ffc91e3f000 	D:\anaconda3\envs\papercut\python3.DLL
0x00007ffc7fcf0000 - 0x00007ffc7fcfb000 	D:\anaconda3\envs\papercut\DLLs\_bz2.pyd
0x00007ffc7e8b0000 - 0x00007ffc7e8c6000 	D:\anaconda3\envs\papercut\Library\bin\libbz2.dll
0x00007ffc7fb40000 - 0x00007ffc7fb4e000 	D:\anaconda3\envs\papercut\DLLs\_lzma.pyd
0x00007ffc7c880000 - 0x00007ffc7c8b2000 	D:\anaconda3\envs\papercut\Library\bin\liblzma.dll
0x00007ffc7fc60000 - 0x00007ffc7fc85000 	D:\anaconda3\envs\papercut\DLLs\_ctypes.pyd
0x00007ffc9ac30000 - 0x00007ffc9ad5b000 	C:\WINDOWS\System32\ole32.dll
0x00007ffc9b1c0000 - 0x00007ffc9b515000 	C:\WINDOWS\System32\combase.dll
0x00007ffc9b190000 - 0x00007ffc9b1bb000 	C:\WINDOWS\System32\GDI32.dll
0x00007ffc99b60000 - 0x00007ffc99b82000 	C:\WINDOWS\System32\win32u.dll
0x00007ffc99980000 - 0x00007ffc99a9a000 	C:\WINDOWS\System32\gdi32full.dll
0x00007ffc99210000 - 0x00007ffc992ad000 	C:\WINDOWS\System32\msvcp_win.dll
0x00007ffc9b990000 - 0x00007ffc9bb2d000 	C:\WINDOWS\System32\USER32.dll
0x00007ffc9b6b0000 - 0x00007ffc9b77d000 	C:\WINDOWS\System32\OLEAUT32.dll
0x00007ffc903e0000 - 0x00007ffc903ec000 	D:\anaconda3\envs\papercut\Library\bin\ffi-8.dll
0x00007ffc9b8a0000 - 0x00007ffc9b8cf000 	C:\WINDOWS\System32\IMM32.DLL
0x00007ffc3e3f0000 - 0x00007ffc4029f000 	D:\anaconda3\envs\papercut\lib\site-packages\numpy\.libs\libopenblas64__v0.3.21-gcc_10_3_0.dll
0x00007ffc45070000 - 0x00007ffc4533a000 	D:\anaconda3\envs\papercut\lib\site-packages\numpy\core\_multiarray_umath.cp38-win_amd64.pyd
0x00007ffc82d40000 - 0x00007ffc82d55000 	D:\anaconda3\envs\papercut\lib\site-packages\numpy\core\_multiarray_tests.cp38-win_amd64.pyd
0x00007ffc80f80000 - 0x00007ffc80f9e000 	D:\anaconda3\envs\papercut\lib\site-packages\numpy\linalg\_umath_linalg.cp38-win_amd64.pyd
0x00007ffc7fc40000 - 0x00007ffc7fc60000 	D:\anaconda3\envs\papercut\lib\site-packages\numpy\fft\_pocketfft_internal.cp38-win_amd64.pyd
0x00007ffc6a1a0000 - 0x00007ffc6a230000 	D:\anaconda3\envs\papercut\lib\site-packages\numpy\random\mtrand.cp38-win_amd64.pyd
0x00007ffc7fb50000 - 0x00007ffc7fb76000 	D:\anaconda3\envs\papercut\lib\site-packages\numpy\random\bit_generator.cp38-win_amd64.pyd
0x00007ffc7f5f0000 - 0x00007ffc7f621000 	D:\anaconda3\envs\papercut\lib\site-packages\numpy\random\_common.cp38-win_amd64.pyd
0x00007ffc83450000 - 0x00007ffc8345e000 	D:\anaconda3\envs\papercut\DLLs\_hashlib.pyd
0x00007ffc41e00000 - 0x00007ffc4245f000 	D:\anaconda3\envs\papercut\Library\bin\libcrypto-3-x64.dll
0x00007ffc99820000 - 0x00007ffc9997c000 	C:\WINDOWS\System32\CRYPT32.dll
0x00007ffc7eca0000 - 0x00007ffc7ece0000 	D:\anaconda3\envs\papercut\lib\site-packages\numpy\random\_bounded_integers.cp38-win_amd64.pyd
0x00007ffc7ec80000 - 0x00007ffc7ec95000 	D:\anaconda3\envs\papercut\lib\site-packages\numpy\random\_mt19937.cp38-win_amd64.pyd
0x00007ffc7ea20000 - 0x00007ffc7ea34000 	D:\anaconda3\envs\papercut\lib\site-packages\numpy\random\_philox.cp38-win_amd64.pyd
0x00007ffc7ea00000 - 0x00007ffc7ea17000 	D:\anaconda3\envs\papercut\lib\site-packages\numpy\random\_pcg64.cp38-win_amd64.pyd
0x00007ffc7fd60000 - 0x00007ffc7fd70000 	D:\anaconda3\envs\papercut\lib\site-packages\numpy\random\_sfc64.cp38-win_amd64.pyd
0x00007ffc473e0000 - 0x00007ffc47486000 	D:\anaconda3\envs\papercut\lib\site-packages\numpy\random\_generator.cp38-win_amd64.pyd
0x00007ffc472f0000 - 0x00007ffc473d8000 	D:\anaconda3\envs\papercut\lib\site-packages\pandas\_libs\interval.cp38-win_amd64.pyd
0x00007ffc458b0000 - 0x00007ffc45a1c000 	D:\anaconda3\envs\papercut\lib\site-packages\pandas\_libs\hashtable.cp38-win_amd64.pyd
0x00007ffc79bb0000 - 0x00007ffc79bd9000 	D:\anaconda3\envs\papercut\lib\site-packages\pandas\_libs\missing.cp38-win_amd64.pyd
0x00007ffc7e890000 - 0x00007ffc7e8af000 	D:\anaconda3\envs\papercut\lib\site-packages\pandas\_libs\tslibs\dtypes.cp38-win_amd64.pyd
0x00007ffc79c00000 - 0x00007ffc79c1c000 	D:\anaconda3\envs\papercut\lib\site-packages\pandas\_libs\tslibs\np_datetime.cp38-win_amd64.pyd
0x00007ffc773e0000 - 0x00007ffc7740d000 	D:\anaconda3\envs\papercut\lib\site-packages\pandas\_libs\tslibs\conversion.cp38-win_amd64.pyd
0x00007ffc7f5e0000 - 0x00007ffc7f5ed000 	D:\anaconda3\envs\papercut\lib\site-packages\pandas\_libs\tslibs\base.cp38-win_amd64.pyd
0x00007ffc45800000 - 0x00007ffc458a5000 	D:\anaconda3\envs\papercut\lib\site-packages\pandas\_libs\tslibs\offsets.cp38-win_amd64.pyd
0x00007ffc45000000 - 0x00007ffc45069000 	D:\anaconda3\envs\papercut\lib\site-packages\pandas\_libs\tslibs\timestamps.cp38-win_amd64.pyd
0x00007ffc76f70000 - 0x00007ffc76f9f000 	D:\anaconda3\envs\papercut\lib\site-packages\pandas\_libs\tslibs\nattype.cp38-win_amd64.pyd
0x00007ffc44f90000 - 0x00007ffc44ff7000 	D:\anaconda3\envs\papercut\lib\site-packages\pandas\_libs\tslibs\timedeltas.cp38-win_amd64.pyd
0x00007ffc76f40000 - 0x00007ffc76f6f000 	D:\anaconda3\envs\papercut\lib\site-packages\pandas\_libs\tslibs\timezones.cp38-win_amd64.pyd
0x000001ae7fb90000 - 0x000001ae7fb93000 	C:\WINDOWS\SYSTEM32\tzres.dll
0x00007ffc76ce0000 - 0x00007ffc76d1c000 	D:\anaconda3\envs\papercut\lib\site-packages\pandas\_libs\tslibs\fields.cp38-win_amd64.pyd
0x00007ffc7e9f0000 - 0x00007ffc7ea00000 	D:\anaconda3\envs\papercut\lib\site-packages\pandas\_libs\tslibs\ccalendar.cp38-win_amd64.pyd
0x00007ffc648e0000 - 0x00007ffc64918000 	D:\anaconda3\envs\papercut\lib\site-packages\pandas\_libs\tslibs\tzconversion.cp38-win_amd64.pyd
0x00007ffc773c0000 - 0x00007ffc773d1000 	D:\anaconda3\envs\papercut\lib\site-packages\pandas\_libs\properties.cp38-win_amd64.pyd
0x00007ffc49d90000 - 0x00007ffc49dd8000 	D:\anaconda3\envs\papercut\lib\site-packages\pandas\_libs\tslibs\parsing.cp38-win_amd64.pyd
0x00007ffc44f30000 - 0x00007ffc44f86000 	D:\anaconda3\envs\papercut\DLLs\_decimal.pyd
0x00007ffc49e80000 - 0x00007ffc49eba000 	D:\anaconda3\envs\papercut\lib\site-packages\pandas\_libs\tslibs\strptime.cp38-win_amd64.pyd
0x00007ffc44ed0000 - 0x00007ffc44f24000 	D:\anaconda3\envs\papercut\lib\site-packages\pandas\_libs\tslibs\period.cp38-win_amd64.pyd
0x00007ffc6d730000 - 0x00007ffc6d75a000 	D:\anaconda3\envs\papercut\lib\site-packages\pandas\_libs\tslibs\vectorized.cp38-win_amd64.pyd
0x00007ffc7e7b0000 - 0x00007ffc7e7bf000 	D:\anaconda3\envs\papercut\lib\site-packages\pandas\_libs\ops_dispatch.cp38-win_amd64.pyd
0x00007ffc445e0000 - 0x00007ffc44764000 	D:\anaconda3\envs\papercut\lib\site-packages\pandas\_libs\algos.cp38-win_amd64.pyd
0x00007ffc42df0000 - 0x00007ffc42e6a000 	D:\anaconda3\envs\papercut\lib\site-packages\pandas\_libs\lib.cp38-win_amd64.pyd
0x00007ffc5f980000 - 0x00007ffc5f9a5000 	D:\anaconda3\envs\papercut\lib\site-packages\pandas\_libs\hashing.cp38-win_amd64.pyd
0x00007ffc47780000 - 0x00007ffc477b5000 	D:\anaconda3\envs\papercut\lib\site-packages\pandas\_libs\tslib.cp38-win_amd64.pyd
0x00007ffc42ce0000 - 0x00007ffc42def000 	D:\anaconda3\envs\papercut\DLLs\unicodedata.pyd
0x00007ffc5f8a0000 - 0x00007ffc5f8ce000 	D:\anaconda3\envs\papercut\lib\site-packages\pandas\_libs\ops.cp38-win_amd64.pyd
0x00007ffc76d80000 - 0x00007ffc76d94000 	D:\anaconda3\envs\papercut\lib\site-packages\pandas\_libs\arrays.cp38-win_amd64.pyd
0x00007ffc42c20000 - 0x00007ffc42cde000 	D:\anaconda3\envs\papercut\lib\site-packages\pandas\_libs\sparse.cp38-win_amd64.pyd
0x00007ffc7c870000 - 0x00007ffc7c87c000 	D:\anaconda3\envs\papercut\lib\site-packages\pandas\_libs\reduction.cp38-win_amd64.pyd
0x00007ffc7c7d0000 - 0x00007ffc7c7df000 	D:\anaconda3\envs\papercut\lib\site-packages\pandas\_libs\indexing.cp38-win_amd64.pyd
0x00007ffc42b80000 - 0x00007ffc42c15000 	D:\anaconda3\envs\papercut\lib\site-packages\pandas\_libs\index.cp38-win_amd64.pyd
0x00007ffc44e90000 - 0x00007ffc44ecf000 	D:\anaconda3\envs\papercut\lib\site-packages\pandas\_libs\internals.cp38-win_amd64.pyd
0x00007ffc429e0000 - 0x00007ffc42b78000 	D:\anaconda3\envs\papercut\lib\site-packages\pandas\_libs\join.cp38-win_amd64.pyd
0x00007ffc472c0000 - 0x00007ffc472ea000 	D:\anaconda3\envs\papercut\lib\site-packages\pandas\_libs\writers.cp38-win_amd64.pyd
0x00007ffc43d50000 - 0x00007ffc43d9f000 	D:\anaconda3\envs\papercut\lib\site-packages\pandas\_libs\window\aggregations.cp38-win_amd64.pyd
0x00007ffc79af0000 - 0x00007ffc79afc000 	D:\anaconda3\envs\papercut\lib\site-packages\pandas\_libs\window\VCRUNTIME140_1.dll
0x00007ffc42950000 - 0x00007ffc429dd000 	D:\anaconda3\envs\papercut\lib\site-packages\pandas\_libs\window\MSVCP140.dll
0x00007ffc445b0000 - 0x00007ffc445d3000 	D:\anaconda3\envs\papercut\lib\site-packages\pandas\_libs\window\indexers.cp38-win_amd64.pyd
0x00007ffc42910000 - 0x00007ffc42945000 	D:\anaconda3\envs\papercut\lib\site-packages\pandas\_libs\reshape.cp38-win_amd64.pyd
0x00007ffc41c60000 - 0x00007ffc41dfa000 	D:\anaconda3\envs\papercut\lib\site-packages\pandas\_libs\groupby.cp38-win_amd64.pyd
0x00007ffc6c700000 - 0x00007ffc6c717000 	D:\anaconda3\envs\papercut\DLLs\_socket.pyd
0x00007ffc98570000 - 0x00007ffc985ab000 	C:\WINDOWS\SYSTEM32\IPHLPAPI.DLL
0x00007ffc78360000 - 0x00007ffc78369000 	D:\anaconda3\envs\papercut\DLLs\select.pyd
0x00007ffc67160000 - 0x00007ffc67175000 	D:\anaconda3\envs\papercut\lib\site-packages\pandas\_libs\testing.cp38-win_amd64.pyd
0x00007ffc428b0000 - 0x00007ffc4290d000 	D:\anaconda3\envs\papercut\lib\site-packages\pandas\_libs\parsers.cp38-win_amd64.pyd
0x00007ffc42890000 - 0x00007ffc428a3000 	D:\anaconda3\envs\papercut\lib\site-packages\pandas\_libs\json.cp38-win_amd64.pyd
0x00007ffc7fd10000 - 0x00007ffc7fd48000 	D:\anaconda3\envs\papercut\DLLs\pyexpat.pyd
0x00007ffc903d0000 - 0x00007ffc903da000 	D:\anaconda3\envs\papercut\DLLs\_queue.pyd
0x00007ffc42860000 - 0x00007ffc42890000 	D:\anaconda3\envs\papercut\DLLs\_ssl.pyd
0x00007ffc41b20000 - 0x00007ffc41c56000 	D:\anaconda3\envs\papercut\Library\bin\libssl-3-x64.dll
0x00007ffc7ebb0000 - 0x00007ffc7ec26000 	D:\anaconda3\envs\papercut\lib\site-packages\_jpype.cp38-win_amd64.pyd
0x00007ffc98870000 - 0x00007ffc988dc000 	C:\WINDOWS\system32\mswsock.dll
0x00007ffc7fd50000 - 0x00007ffc7fd5e000 	D:\anaconda3\envs\papercut\lib\site-packages\simplejson\_speedups.cp38-win_amd64.pyd
0x00007ffc95b90000 - 0x00007ffc95b97000 	D:\anaconda3\envs\papercut\lib\site-packages\charset_normalizer\md.cp38-win_amd64.pyd
0x00007ffc91f10000 - 0x00007ffc91f33000 	D:\anaconda3\envs\papercut\lib\site-packages\charset_normalizer\md__mypyc.cp38-win_amd64.pyd
0x00007ffc3d810000 - 0x00007ffc3e3ef000 	C:\Program Files\Java\jdk-17\bin\server\jvm.dll
0x00007ffc9b6a0000 - 0x00007ffc9b6a8000 	C:\WINDOWS\System32\PSAPI.DLL
0x00007ffc94580000 - 0x00007ffc94589000 	C:\WINDOWS\SYSTEM32\WSOCK32.dll
0x00007ffc81af0000 - 0x00007ffc81b17000 	C:\WINDOWS\SYSTEM32\WINMM.dll
0x00007ffc94bf0000 - 0x00007ffc94bfa000 	C:\Program Files\Java\jdk-17\bin\jimage.dll
0x00007ffc97720000 - 0x00007ffc97904000 	C:\WINDOWS\SYSTEM32\DBGHELP.DLL
0x00007ffc7e4a0000 - 0x00007ffc7e4d4000 	C:\WINDOWS\SYSTEM32\dbgcore.DLL
0x00007ffc7eb80000 - 0x00007ffc7eba5000 	C:\Program Files\Java\jdk-17\bin\java.dll
0x00007ffc97a40000 - 0x00007ffc97a52000 	C:\WINDOWS\SYSTEM32\kernel.appcore.dll
0x00007ffc7eaa0000 - 0x00007ffc7eb77000 	C:\Program Files\Java\jdk-17\bin\jsvml.dll
0x00007ffc9a4c0000 - 0x00007ffc9ac2d000 	C:\WINDOWS\System32\SHELL32.dll
0x00007ffc96ea0000 - 0x00007ffc97644000 	C:\WINDOWS\SYSTEM32\windows.storage.dll
0x00007ffc98a90000 - 0x00007ffc98abf000 	C:\WINDOWS\SYSTEM32\Wldp.dll
0x00007ffc9b520000 - 0x00007ffc9b5cd000 	C:\WINDOWS\System32\SHCORE.dll
0x00007ffc99140000 - 0x00007ffc99164000 	C:\WINDOWS\SYSTEM32\profapi.dll
0x00007ffc91e80000 - 0x00007ffc91e98000 	C:\Program Files\Java\jdk-17\bin\zip.dll
0x00007ffc90430000 - 0x00007ffc90449000 	C:\Program Files\Java\jdk-17\bin\net.dll

dbghelp: loaded successfully - version: 4.0.5 - missing functions: none
symbol engine: initialized successfully - sym options: 0x614 - pdb path: .;D:\anaconda3\envs\papercut;C:\WINDOWS\SYSTEM32;D:\anaconda3\envs\papercut\DLLs;D:\anaconda3\envs\papercut\Library\bin;D:\anaconda3\envs\papercut\lib\site-packages\numpy\.libs;D:\anaconda3\envs\papercut\lib\site-packages\numpy\core;D:\anaconda3\envs\papercut\lib\site-packages\numpy\linalg;D:\anaconda3\envs\papercut\lib\site-packages\numpy\fft;D:\anaconda3\envs\papercut\lib\site-packages\numpy\random;D:\anaconda3\envs\papercut\lib\site-packages\pandas\_libs;D:\anaconda3\envs\papercut\lib\site-packages\pandas\_libs\tslibs;D:\anaconda3\envs\papercut\lib\site-packages\pandas\_libs\window;D:\anaconda3\envs\papercut\lib\site-packages;D:\anaconda3\envs\papercut\lib\site-packages\simplejson;D:\anaconda3\envs\papercut\lib\site-packages\charset_normalizer;C:\Program Files\Java\jdk-17\bin\server;C:\Program Files\Java\jdk-17\bin

VM Arguments:
jvm_args: -Xms512m -Xmx8g 
java_command: <unknown>
java_class_path (initial): D:\anaconda3\envs\papercut\Lib\site-packages\pyhanlp\static\hanlp-1.8.6.jar;D:\anaconda3\envs\papercut\Lib\site-packages\pyhanlp\static;.;C:\Program Files\Java\jdk-17\lib\dt.jar;C:\Program Files\Java\jdk-17\lib\tools.jar.
Launcher Type: generic

[Global flags]
     intx CICompilerCount                          = 4                                         {product} {ergonomic}
     uint ConcGCThreads                            = 2                                         {product} {ergonomic}
     uint G1ConcRefinementThreads                  = 8                                         {product} {ergonomic}
   size_t G1HeapRegionSize                         = 4194304                                   {product} {ergonomic}
    uintx GCDrainStackTargetSize                   = 64                                        {product} {ergonomic}
   size_t InitialHeapSize                          = 536870912                                 {product} {command line}
   size_t MarkStackSize                            = 4194304                                   {product} {ergonomic}
   size_t MaxHeapSize                              = 8589934592                                {product} {command line}
   size_t MaxNewSize                               = 5150605312                                {product} {ergonomic}
   size_t MinHeapDeltaBytes                        = 4194304                                   {product} {ergonomic}
   size_t MinHeapSize                              = 536870912                                 {product} {command line}
    uintx NonNMethodCodeHeapSize                   = 5839372                                {pd product} {ergonomic}
    uintx NonProfiledCodeHeapSize                  = 122909434                              {pd product} {ergonomic}
    uintx ProfiledCodeHeapSize                     = 122909434                              {pd product} {ergonomic}
    uintx ReservedCodeCacheSize                    = 251658240                              {pd product} {ergonomic}
     bool SegmentedCodeCache                       = true                                      {product} {ergonomic}
   size_t SoftMaxHeapSize                          = 8589934592                             {manageable} {ergonomic}
     bool UseCompressedClassPointers               = true                           {product lp64_product} {ergonomic}
     bool UseCompressedOops                        = true                           {product lp64_product} {ergonomic}
     bool UseG1GC                                  = true                                      {product} {ergonomic}
     bool UseLargePagesIndividualAllocation        = false                                  {pd product} {ergonomic}

Logging:
Log output configuration:
 #0: stdout all=warning uptime,level,tags
 #1: stderr all=off uptime,level,tags

Environment Variables:
JAVA_HOME=C:\Program Files\Java\jdk-17
CLASSPATH=.;C:\Program Files\Java\jdk-17\lib\dt.jar;C:\Program Files\Java\jdk-17\lib\tools.jar.
PATH=D:\anaconda3\envs\papercut;D:\anaconda3\envs\papercut\Library\mingw-w64\bin;D:\anaconda3\envs\papercut\Library\usr\bin;D:\anaconda3\envs\papercut\Library\bin;D:\anaconda3\envs\papercut\Scripts;D:\anaconda3\envs\papercut\bin;D:\anaconda3\condabin;c:\cursor\resources\app\bin;C:\Python313\Scripts;C:\Python313;d:\cursor\resources\app\bin;d:\cursor\resources\app\bin;D:\anaconda3;D:\anaconda3\Scripts;D:\anaconda3\Library\bin;C:\Program Files\Common Files\Oracle\Java\javapath;C:\ProgramData\Oracle\Java\javapath;C:\WINDOWS\system32;C:\WINDOWS;C:\WINDOWS\System32\Wbem;C:\WINDOWS\System32\WindowsPowerShell\v1.0;C:\WINDOWS\System32\OpenSSH;C:\Java\jdk1.8.0_152\bin;C:\Java\jdk1.8.0_152\jre\bin;C:\maven\bin;D:\mysql\mysql-8.0.16-winx64;C:\Program Files\MySQL\MySQL Server 8.0\bin;C:\gs\gs10.04.0\bin;C:\Git\cmd;C:\Program Files\dotnet;C:\Program Files\Docker\Docker\resources\bin;C:\Users\Administrator\AppData\Local\Programs\Python\Launcher;C:\Users\Administrator\AppData\Local\Microsoft\WindowsApps;C:\pycharm\PyCharm 2023.3.4\bin;d:\cursor\resources\a;D:\Typora;D:\node_global;D:\ohpm\command-line-tools\ohpm\bin;E:\Pycharm2021\PyCharm 2021.1.1\bin;C:\Users\Administrator\AppData\Roaming\npm;d:\cursor\resources\app\bin;D:\ohpm\command-line-tools\sdk\default\open;E:\Pycharm2021\PyCharm 2021.1.1\bin;.;D:\VScode\Microsoft VS Code\bin;C:\HarmonyOS\DevEcoStudio\bin;.;C:\Users\Administrator\AppData\Roaming\npm;C:\Users\Administrator\AppData\Local\Programs\cursor\resources\app\bin;C:\nvm;C:\nvm4w\nodejs;C:\cursor\resources\app\bin;D:\anaconda3\envs\papercut;D:\anaconda3\envs\papercut\Library\mingw-w64\bin;D:\anaconda3\envs\papercut\Library\usr\bin;D:\anaconda3\envs\papercut\Library\bin;D:\anaconda3\envs\papercut\Scripts;D:\anaconda3\envs\papercut\bin;D:\anaconda3\condabin;c:\cursor\resources\app\bin;C:\Python313\Scripts;C:\Python313;d:\cursor\resources\app\bin;d:\cursor\resources\app\bin;D:\anaconda3;D:\anaconda3\Scripts;D:\anaconda3\Library\bin;C:\Program Files\Common Files\Oracle\Java\ja
USERNAME=Administrator
LANG=zh_CN.UTF-8
OS=Windows_NT
PROCESSOR_IDENTIFIER=Intel64 Family 6 Model 142 Stepping 10, GenuineIntel



---------------  S Y S T E M  ---------------

OS:
 Windows 10 , 64 bit Build 19041 (10.0.19041.5438)
OS uptime: 3 days 3:29 hours
Hyper-V role detected

CPU: total 8 (initial active 8) (4 cores per cpu, 2 threads per core) family 6 model 142 stepping 10 microcode 0xb4, cx8, cmov, fxsr, ht, mmx, 3dnowpref, sse, sse2, sse3, ssse3, sse4.1, sse4.2, popcnt, lzcnt, tsc, tscinvbit, avx, avx2, aes, erms, clmul, bmi1, bmi2, adx, fma, vzeroupper, clflush, clflushopt, hv

Memory: 4k page, system-wide physical 8089M (550M free)
TotalPageFile size 23043M (AvailPageFile size 401M)
current process WorkingSet (physical memory assigned to process): 417M, peak: 420M
current process commit charge ("private bytes"): 1052M, peak: 1472M

vm_info: Java HotSpot(TM) 64-Bit Server VM (17.0.10+11-LTS-240) for windows-amd64 JRE (17.0.10+11-LTS-240), built on Dec 19 2023 21:47:25 by "mach5one" with MS VC++ 17.1 (VS2022)

END.
